2013/09/10 14:09:18 insert Array 
2013/09/10 14:09:30 insert Array 
2013/09/10 15:09:32 insert user_id='6659', total_scan='', total_resp_scan='', month_scan='', month_resp_scan='', nbwin='': 
2013/09/10 23:09:02 insert user_id='6660', total_scan='', total_resp_scan='', month_scan='', month_resp_scan='', nbwin='': 
2013/09/11 13:09:37 insert user_id='6661', total_scan='', total_resp_scan='', month_scan='', month_resp_scan='', nbwin='': 
2013/09/12 14:09:29 insert user_id='6662', total_scan='', total_resp_scan='', month_scan='', month_resp_scan='', nbwin='': 
2013/09/12 15:09:07 insert user_id='6663', total_scan='', total_resp_scan='', month_scan='', month_resp_scan='', nbwin='': 
2013/09/13 06:09:31 insert user_id='6664', total_scan='', total_resp_scan='', month_scan='', month_resp_scan='', nbwin='': 
2013/09/13 09:09:46 insert user_id='6665', total_scan='', total_resp_scan='', month_scan='', month_resp_scan='', nbwin='': 
2013/09/13 16:09:54 insert user_id='6666', total_scan='', total_resp_scan='', month_scan='', month_resp_scan='', nbwin='': 
2013/09/13 20:09:34 insert user_id='6667', total_scan='', total_resp_scan='', month_scan='', month_resp_scan='', nbwin='': 
2013/09/14 00:09:15 insert user_id='6668', total_scan='', total_resp_scan='', month_scan='', month_resp_scan='', nbwin='': 
2013/09/14 00:09:03 insert user_id='6669', total_scan='', total_resp_scan='', month_scan='', month_resp_scan='', nbwin='': 
2013/09/14 06:09:50 insert user_id='6670', total_scan='', total_resp_scan='', month_scan='', month_resp_scan='', nbwin='': 
2013/09/14 08:09:39 insert user_id='6671', total_scan='', total_resp_scan='', month_scan='', month_resp_scan='', nbwin='': 
2013/09/14 09:09:25 insert user_id='6672', total_scan='', total_resp_scan='', month_scan='', month_resp_scan='', nbwin='': 
2013/09/14 11:09:11 insert user_id='6673', total_scan='', total_resp_scan='', month_scan='', month_resp_scan='', nbwin='': 
2013/09/14 13:09:09 insert user_id='6674', total_scan='', total_resp_scan='', month_scan='', month_resp_scan='', nbwin='': 
2013/09/14 19:09:01 insert user_id='6675', total_scan='', total_resp_scan='', month_scan='', month_resp_scan='', nbwin='': 
2013/09/14 20:09:00 insert user_id='6676', total_scan='', total_resp_scan='', month_scan='', month_resp_scan='', nbwin='': 
2013/09/14 20:09:34 insert user_id='6677', total_scan='', total_resp_scan='', month_scan='', month_resp_scan='', nbwin='': 
2013/09/14 20:09:36 insert user_id='6678', total_scan='', total_resp_scan='', month_scan='', month_resp_scan='', nbwin='': 
2013/09/14 20:09:37 insert user_id='6679', total_scan='', total_resp_scan='', month_scan='', month_resp_scan='', nbwin='': 
2013/09/14 20:09:27 insert user_id='6680', total_scan='', total_resp_scan='', month_scan='', month_resp_scan='', nbwin='': 
2013/09/14 20:09:32 insert user_id='6681', total_scan='', total_resp_scan='', month_scan='', month_resp_scan='', nbwin='': 
2013/09/14 20:09:43 insert user_id='6682', total_scan='', total_resp_scan='', month_scan='', month_resp_scan='', nbwin='': 
2013/09/14 20:09:34 insert user_id='6683', total_scan='', total_resp_scan='', month_scan='', month_resp_scan='', nbwin='': 
2013/09/14 20:09:57 insert user_id='6684', total_scan='', total_resp_scan='', month_scan='', month_resp_scan='', nbwin='': 
2013/09/14 20:09:31 insert user_id='6685', total_scan='', total_resp_scan='', month_scan='', month_resp_scan='', nbwin='': 
2013/09/14 21:09:09 insert user_id='6686', total_scan='', total_resp_scan='', month_scan='', month_resp_scan='', nbwin='': 
2013/09/14 21:09:23 insert user_id='6687', total_scan='', total_resp_scan='', month_scan='', month_resp_scan='', nbwin='': 
2013/09/14 22:09:58 insert user_id='6688', total_scan='', total_resp_scan='', month_scan='', month_resp_scan='', nbwin='': 
2013/09/15 00:09:37 insert user_id='6689', total_scan='', total_resp_scan='', month_scan='', month_resp_scan='', nbwin='': 
2013/09/15 13:09:07 insert user_id='6690', total_scan='', total_resp_scan='', month_scan='', month_resp_scan='', nbwin='': 
2013/09/15 13:09:22 insert user_id='6691', total_scan='', total_resp_scan='', month_scan='', month_resp_scan='', nbwin='': 
2013/09/15 14:09:29 insert user_id='6692', total_scan='', total_resp_scan='', month_scan='', month_resp_scan='', nbwin='': 
2013/09/15 16:09:43 insert user_id='6693', total_scan='', total_resp_scan='', month_scan='', month_resp_scan='', nbwin='': 
2013/09/15 18:09:54 insert user_id='6694', total_scan='', total_resp_scan='', month_scan='', month_resp_scan='', nbwin='': 
2013/09/15 20:09:09 insert user_id='6695', total_scan='', total_resp_scan='', month_scan='', month_resp_scan='', nbwin='': 
2013/09/15 20:09:43 insert user_id='6696', total_scan='', total_resp_scan='', month_scan='', month_resp_scan='', nbwin='': 
2013/09/15 21:09:27 insert user_id='6697', total_scan='', total_resp_scan='', month_scan='', month_resp_scan='', nbwin='': 
2013/09/15 21:09:39 insert user_id='6698', total_scan='', total_resp_scan='', month_scan='', month_resp_scan='', nbwin='': 
2013/09/16 13:09:01 insert user_id='6699', total_scan='', total_resp_scan='', month_scan='', month_resp_scan='', nbwin='': 
2013/09/16 17:09:23 insert user_id='6700', total_scan='', total_resp_scan='', month_scan='', month_resp_scan='', nbwin='': 
2013/09/16 17:09:07 createMobileUserScan, INSERT INTO iphone_query SET iphone_id='', product_id='', user_id='5956', ean='3256220310048', longitude='5.0510795', latitude='45.0351498', altitude='', date='2013-09-16 17:31:07', useragent='Mozilla/5.0 (Linux; U; Android 4.3; fr-fr; Galaxy Nexus Build/JWR66Y) AppleWebKit/534.30 (KHTML, like Gecko) Version/4.0 Mobile Safari/534.30': 
2013/09/16 17:09:57 createMobileUserScan, INSERT INTO iphone_query SET iphone_id='', product_id='', user_id='5956', ean='3174660055216', longitude='0', latitude='0', altitude='0', date='2013-09-16 17:45:57', useragent='Mozilla/5.0 (Linux; U; Android 4.3; fr-fr; Galaxy Nexus Build/JWR66Y) AppleWebKit/534.30 (KHTML, like Gecko) Version/4.0 Mobile Safari/534.30': 
2013/09/16 17:09:33 createMobileUserScan, INSERT INTO iphone_query SET iphone_id='', product_id='', user_id='6695', ean='3257983156188', longitude='2.3992239', latitude='48.9749164', altitude='', date='2013-09-16 17:52:33', useragent='Mozilla/5.0 (Linux; U; Android 4.1.2; fr-fr; GT-N7100 Build/JZO54K) AppleWebKit/534.30 (KHTML, like Gecko) Version/4.0 Mobile Safari/534.30': 
2013/09/16 20:09:45 insert, INSERT INTO iphone_users_stat SET user_id='6701', total_scan='', total_resp_scan='', month_scan='', month_resp_scan='', nbwin='' : 
2013/09/16 20:09:14 createMobileUserScan, INSERT INTO iphone_query SET iphone_id='', product_id='', user_id='6695', ean='3258561500690', longitude='2.3990906', latitude='48.974913', altitude='', date='2013-09-16 20:36:14', useragent='Mozilla/5.0 (Linux; U; Android 4.1.2; fr-fr; GT-N7100 Build/JZO54K) AppleWebKit/534.30 (KHTML, like Gecko) Version/4.0 Mobile Safari/534.30': 
2013/09/16 20:09:50 createMobileUserScan, INSERT INTO iphone_query SET iphone_id='', product_id='', user_id='6695', ean='8717163969229', longitude='2.399107', latitude='48.9749191', altitude='', date='2013-09-16 20:36:50', useragent='Mozilla/5.0 (Linux; U; Android 4.1.2; fr-fr; GT-N7100 Build/JZO54K) AppleWebKit/534.30 (KHTML, like Gecko) Version/4.0 Mobile Safari/534.30': 
2013/09/16 20:09:32 createMobileUserScan, INSERT INTO iphone_query SET iphone_id='', product_id='', user_id='6695', ean='3059942101204', longitude='2.399084', latitude='48.9749529', altitude='', date='2013-09-16 20:38:32', useragent='Mozilla/5.0 (Linux; U; Android 4.1.2; fr-fr; GT-N7100 Build/JZO54K) AppleWebKit/534.30 (KHTML, like Gecko) Version/4.0 Mobile Safari/534.30': 
2013/09/16 20:09:57 createMobileUserScan, INSERT INTO iphone_query SET iphone_id='', product_id='', user_id='6695', ean='3560070172139', longitude='2.3991498', latitude='48.9748502', altitude='', date='2013-09-16 20:39:57', useragent='Mozilla/5.0 (Linux; U; Android 4.1.2; fr-fr; GT-N7100 Build/JZO54K) AppleWebKit/534.30 (KHTML, like Gecko) Version/4.0 Mobile Safari/534.30': 
2013/09/16 20:09:57 createMobileUserScan, INSERT INTO iphone_query SET iphone_id='', product_id='', user_id='6695', ean='3257983156188', longitude='2.3991013', latitude='48.9750267', altitude='', date='2013-09-16 20:43:57', useragent='Mozilla/5.0 (Linux; U; Android 4.1.2; fr-fr; GT-N7100 Build/JZO54K) AppleWebKit/534.30 (KHTML, like Gecko) Version/4.0 Mobile Safari/534.30': 
2013/09/16 20:09:21 createMobileUserScan, INSERT INTO iphone_query SET iphone_id='', product_id='', user_id='6695', ean='3178040666016', longitude='2.399131', latitude='48.9749845', altitude='', date='2013-09-16 20:49:21', useragent='Mozilla/5.0 (Linux; U; Android 4.1.2; fr-fr; GT-N7100 Build/JZO54K) AppleWebKit/534.30 (KHTML, like Gecko) Version/4.0 Mobile Safari/534.30': 
2013/09/16 20:09:16 createMobileUserScan, INSERT INTO iphone_query SET iphone_id='', product_id='', user_id='6695', ean='3253581122433', longitude='2.3991069', latitude='48.9750081', altitude='', date='2013-09-16 20:51:16', useragent='Mozilla/5.0 (Linux; U; Android 4.1.2; fr-fr; GT-N7100 Build/JZO54K) AppleWebKit/534.30 (KHTML, like Gecko) Version/4.0 Mobile Safari/534.30': 
2013/09/16 20:09:19 createMobileUserScan, INSERT INTO iphone_query SET iphone_id='', product_id='', user_id='6695', ean='3178040666016', longitude='2.3991117', latitude='48.9750075', altitude='', date='2013-09-16 20:51:19', useragent='Mozilla/5.0 (Linux; U; Android 4.1.2; fr-fr; GT-N7100 Build/JZO54K) AppleWebKit/534.30 (KHTML, like Gecko) Version/4.0 Mobile Safari/534.30': 
2013/09/16 20:09:22 createMobileUserScan, INSERT INTO iphone_query SET iphone_id='', product_id='', user_id='6695', ean='3181734189357', longitude='2.3991119', latitude='48.9749745', altitude='', date='2013-09-16 20:54:22', useragent='Mozilla/5.0 (Linux; U; Android 4.1.2; fr-fr; GT-N7100 Build/JZO54K) AppleWebKit/534.30 (KHTML, like Gecko) Version/4.0 Mobile Safari/534.30': 
2013/09/17 00:09:34 createMobileUserScan, INSERT INTO iphone_query SET iphone_id='', product_id='', user_id='', ean='4060800001771', longitude='5.5280512', latitude='50.6783956', altitude='', date='2013-09-17 00:02:34', useragent='Mozilla/5.0 (Linux; U; Android 4.2.2; fr-be; C6603 Build/10.3.1.A.0.244) AppleWebKit/534.30 (KHTML, like Gecko) Version/4.0 Mobile Safari/534.30': 
2013/09/17 00:09:04 createMobileUserScan, INSERT INTO iphone_query SET iphone_id='', product_id='', user_id='', ean='4060800001771', longitude='5.5285034', latitude='50.6940435', altitude='', date='2013-09-17 00:03:04', useragent='Mozilla/5.0 (Linux; U; Android 4.2.2; fr-be; C6603 Build/10.3.1.A.0.244) AppleWebKit/534.30 (KHTML, like Gecko) Version/4.0 Mobile Safari/534.30': 
2013/09/17 00:09:44 createMobileUserScan, INSERT INTO iphone_query SET iphone_id='', product_id='', user_id='6469', ean='3538280030631', longitude='0', latitude='0', altitude='0', date='2013-09-17 00:28:44', useragent='Mozilla/5.0 (Linux; U; Android 4.2.2; fr-fr; leo Build/JDQ39) AppleWebKit/534.30 (KHTML, like Gecko) Version/4.0 Mobile Safari/534.30': 
2013/09/17 00:09:40 createMobileUserScan, INSERT INTO iphone_query SET iphone_id='', product_id='', user_id='6469', ean='3445850017056', longitude='0', latitude='0', altitude='0', date='2013-09-17 00:30:40', useragent='Mozilla/5.0 (Linux; U; Android 4.2.2; fr-fr; leo Build/JDQ39) AppleWebKit/534.30 (KHTML, like Gecko) Version/4.0 Mobile Safari/534.30': 
2013/09/17 00:09:27 createMobileUserScan, INSERT INTO iphone_query SET iphone_id='', product_id='', user_id='6469', ean='3487400000392', longitude='0', latitude='0', altitude='0', date='2013-09-17 00:31:27', useragent='Mozilla/5.0 (Linux; U; Android 4.2.2; fr-fr; leo Build/JDQ39) AppleWebKit/534.30 (KHTML, like Gecko) Version/4.0 Mobile Safari/534.30': 
2013/09/17 00:09:22 createMobileUserScan, INSERT INTO iphone_query SET iphone_id='', product_id='', user_id='6469', ean='3011360085184', longitude='0', latitude='0', altitude='0', date='2013-09-17 00:33:22', useragent='Mozilla/5.0 (Linux; U; Android 4.2.2; fr-fr; leo Build/JDQ39) AppleWebKit/534.30 (KHTML, like Gecko) Version/4.0 Mobile Safari/534.30': 
2013/09/17 00:09:29 createMobileUserScan, INSERT INTO iphone_query SET iphone_id='', product_id='', user_id='6469', ean='3487400000392', longitude='0', latitude='0', altitude='0', date='2013-09-17 00:33:29', useragent='Mozilla/5.0 (Linux; U; Android 4.2.2; fr-fr; leo Build/JDQ39) AppleWebKit/534.30 (KHTML, like Gecko) Version/4.0 Mobile Safari/534.30': 
2013/09/17 00:09:37 createMobileUserScan, INSERT INTO iphone_query SET iphone_id='', product_id='', user_id='6469', ean='3445850017056', longitude='0', latitude='0', altitude='0', date='2013-09-17 00:33:37', useragent='Mozilla/5.0 (Linux; U; Android 4.2.2; fr-fr; leo Build/JDQ39) AppleWebKit/534.30 (KHTML, like Gecko) Version/4.0 Mobile Safari/534.30': 
2013/09/17 06:09:00 insert, INSERT INTO iphone_users_stat SET user_id='6702', total_scan='', total_resp_scan='', month_scan='', month_resp_scan='', nbwin='' : 
2013/09/17 09:09:01 createMobileUserScan, INSERT INTO iphone_query SET iphone_id='', product_id='', user_id='5956', ean='3229820129280', longitude='5.0511352', latitude='45.0351333', altitude='', date='2013-09-17 09:16:01', useragent='Mozilla/5.0 (Linux; U; Android 4.3; fr-fr; Nexus 4 Build/JWR66Y) AppleWebKit/534.30 (KHTML, like Gecko) Version/4.0 Mobile Safari/534.30': 
2013/09/17 09:09:56 createMobileUserScan, INSERT INTO iphone_query SET iphone_id='', product_id='', user_id='5956', ean='3229820129280', longitude='5.0512287', latitude='45.0351106', altitude='', date='2013-09-17 09:28:56', useragent='Mozilla/5.0 (Linux; U; Android 4.3; fr-fr; Nexus 4 Build/JWR66Y) AppleWebKit/534.30 (KHTML, like Gecko) Version/4.0 Mobile Safari/534.30': 
2013/09/17 09:09:08 createMobileUserScan, INSERT INTO iphone_query SET iphone_id='', product_id='', user_id='5956', ean='3229820129280', longitude='5.0510924', latitude='45.0351415', altitude='', date='2013-09-17 09:30:08', useragent='Mozilla/5.0 (Linux; U; Android 4.3; fr-fr; Nexus 4 Build/JWR66Y) AppleWebKit/534.30 (KHTML, like Gecko) Version/4.0 Mobile Safari/534.30': 
2013/09/17 09:09:03 createMobileUserScan, INSERT INTO iphone_query SET iphone_id='', product_id='', user_id='5956', ean='3229820129280', longitude='5.0511797', latitude='45.035121', altitude='', date='2013-09-17 09:34:03', useragent='Mozilla/5.0 (Linux; U; Android 4.3; fr-fr; Nexus 4 Build/JWR66Y) AppleWebKit/534.30 (KHTML, like Gecko) Version/4.0 Mobile Safari/534.30': 
2013/09/17 09:09:20 createMobileUserScan, INSERT INTO iphone_query SET iphone_id='', product_id='', user_id='5956', ean='3229820129280', longitude='5.0511571', latitude='45.0351269', altitude='', date='2013-09-17 09:35:20', useragent='Mozilla/5.0 (Linux; U; Android 4.3; fr-fr; Nexus 4 Build/JWR66Y) AppleWebKit/534.30 (KHTML, like Gecko) Version/4.0 Mobile Safari/534.30': 
2013/09/17 11:09:10 createMobileUserScan, INSERT INTO iphone_query SET iphone_id='', product_id='', user_id='5956', ean='3229820129280', longitude='5.051248', latitude='45.0351052', altitude='', date='2013-09-17 11:51:10', useragent='Mozilla/5.0 (Linux; U; Android 4.3; fr-fr; Nexus 4 Build/JWR66Y) AppleWebKit/534.30 (KHTML, like Gecko) Version/4.0 Mobile Safari/534.30': 
2013/09/17 12:09:46 createMobileUserScan, INSERT INTO iphone_query SET iphone_id='', product_id='', user_id='5956', ean='3229820129280', longitude='5.0510912', latitude='45.0351413', altitude='', date='2013-09-17 12:03:46', useragent='Mozilla/5.0 (Linux; U; Android 4.3; fr-fr; Nexus 4 Build/JWR66Y) AppleWebKit/534.30 (KHTML, like Gecko) Version/4.0 Mobile Safari/534.30': 
2013/09/17 12:09:53 insert, INSERT INTO iphone_users_stat SET user_id='6703', total_scan='', total_resp_scan='', month_scan='', month_resp_scan='', nbwin='' : 
2013/09/17 12:09:58 createMobileUserScan, INSERT INTO iphone_query SET iphone_id='', product_id='', user_id='5956', ean='3229820129280', longitude='5.0511389', latitude='45.0351353', altitude='', date='2013-09-17 12:11:58', useragent='Mozilla/5.0 (Linux; U; Android 4.3; fr-fr; Nexus 4 Build/JWR66Y) AppleWebKit/534.30 (KHTML, like Gecko) Version/4.0 Mobile Safari/534.30': 
2013/09/17 12:09:13 createMobileUserScan, INSERT INTO iphone_query SET iphone_id='', product_id='', user_id='5956', ean='3229820129280', longitude='5.0512764', latitude='45.0350972', altitude='', date='2013-09-17 12:19:13', useragent='Mozilla/5.0 (Linux; U; Android 4.3; fr-fr; Nexus 4 Build/JWR66Y) AppleWebKit/534.30 (KHTML, like Gecko) Version/4.0 Mobile Safari/534.30': 
2013/09/17 12:09:33 createMobileUserScan, INSERT INTO iphone_query SET iphone_id='', product_id='', user_id='5956', ean='3229820129280', longitude='5.0510899', latitude='45.0351425', altitude='', date='2013-09-17 12:25:33', useragent='Mozilla/5.0 (Linux; U; Android 4.3; fr-fr; Nexus 4 Build/JWR66Y) AppleWebKit/534.30 (KHTML, like Gecko) Version/4.0 Mobile Safari/534.30': 
2013/09/17 13:09:10 createMobileUserScan, INSERT INTO iphone_query SET iphone_id='', product_id='', user_id='5956', ean='3229820129280', longitude='5.0510915', latitude='45.03514', altitude='', date='2013-09-17 13:54:10', useragent='Mozilla/5.0 (Linux; U; Android 4.3; fr-fr; Nexus 4 Build/JWR66Y) AppleWebKit/534.30 (KHTML, like Gecko) Version/4.0 Mobile Safari/534.30': 
2013/09/17 14:09:25 createMobileUserScan, INSERT INTO iphone_query SET iphone_id='', product_id='', user_id='5956', ean='3229820129280', longitude='5.0511209', latitude='45.0351345', altitude='', date='2013-09-17 14:05:25', useragent='Mozilla/5.0 (Linux; U; Android 4.3; fr-fr; Nexus 4 Build/JWR66Y) AppleWebKit/534.30 (KHTML, like Gecko) Version/4.0 Mobile Safari/534.30': 
2013/09/17 15:09:33 createMobileUserScan, INSERT INTO iphone_query SET iphone_id='', product_id='', user_id='5956', ean='3229820129280', longitude='5.0511477', latitude='45.0351319', altitude='', date='2013-09-17 15:00:33', useragent='Mozilla/5.0 (Linux; U; Android 4.3; fr-fr; Nexus 4 Build/JWR66Y) AppleWebKit/534.30 (KHTML, like Gecko) Version/4.0 Mobile Safari/534.30': 
2013/09/17 15:09:51 createMobileUserScan, INSERT INTO iphone_query SET iphone_id='', product_id='', user_id='5956', ean='3229820129280', longitude='5.051121', latitude='45.035136', altitude='', date='2013-09-17 15:03:51', useragent='Mozilla/5.0 (Linux; U; Android 4.3; fr-fr; Nexus 4 Build/JWR66Y) AppleWebKit/534.30 (KHTML, like Gecko) Version/4.0 Mobile Safari/534.30': 
2013/09/17 15:09:03 createMobileUserScan, INSERT INTO iphone_query SET iphone_id='', product_id='', user_id='5956', ean='3229820129280', longitude='5.0512186', latitude='45.0351041', altitude='', date='2013-09-17 15:05:03', useragent='Mozilla/5.0 (Linux; U; Android 4.3; fr-fr; Nexus 4 Build/JWR66Y) AppleWebKit/534.30 (KHTML, like Gecko) Version/4.0 Mobile Safari/534.30': 
2013/09/17 15:09:25 createMobileUserScan, INSERT INTO iphone_query SET iphone_id='', product_id='', user_id='5956', ean='3229820129280', longitude='0', latitude='0', altitude='0', date='2013-09-17 15:09:25', useragent='Mozilla/5.0 (Linux; U; Android 4.3; fr-fr; Nexus 4 Build/JWR66Y) AppleWebKit/534.30 (KHTML, like Gecko) Version/4.0 Mobile Safari/534.30': 
2013/09/17 15:09:25 createMobileUserScan, INSERT INTO iphone_query SET iphone_id='', product_id='', user_id='5956', ean='3229820129280', longitude='0', latitude='0', altitude='0', date='2013-09-17 15:11:25', useragent='Mozilla/5.0 (Linux; U; Android 4.3; fr-fr; Nexus 4 Build/JWR66Y) AppleWebKit/534.30 (KHTML, like Gecko) Version/4.0 Mobile Safari/534.30': 
2013/09/17 15:09:21 createMobileUserScan, INSERT INTO iphone_query SET iphone_id='', product_id='', user_id='6593', ean='3350031540882', longitude='0', latitude='0', altitude='0', date='2013-09-17 15:14:21', useragent='Mozilla/5.0 (Linux; U; Android 4.1.2; fr-fr; C5303 Build/12.0.A.1.257) AppleWebKit/534.30 (KHTML, like Gecko) Version/4.0 Mobile Safari/534.30': 
2013/09/17 15:09:54 createMobileUserScan, INSERT INTO iphone_query SET iphone_id='', product_id='', user_id='6593', ean='3350031540882', longitude='0', latitude='0', altitude='0', date='2013-09-17 15:14:54', useragent='Mozilla/5.0 (Linux; U; Android 4.1.2; fr-fr; C5303 Build/12.0.A.1.257) AppleWebKit/534.30 (KHTML, like Gecko) Version/4.0 Mobile Safari/534.30': 
2013/09/17 15:09:49 createMobileUserScan, INSERT INTO iphone_query SET iphone_id='', product_id='', user_id='', ean='3229820129280', longitude='0', latitude='0', altitude='0', date='2013-09-17 15:22:49', useragent='Mozilla/5.0 (Linux; U; Android 2.3.5; fr-fr; GT-I9003 Build/GINGERBREAD) AppleWebKit/533.1 (KHTML, like Gecko) Version/4.0 Mobile Safari/533.1': 
2013/09/17 15:09:00 createMobileUserScan, INSERT INTO iphone_query SET iphone_id='', product_id='', user_id='', ean='3229820129280', longitude='0', latitude='0', altitude='0', date='2013-09-17 15:26:00', useragent='Mozilla/5.0 (Linux; U; Android 2.3.5; fr-fr; GT-I9003 Build/GINGERBREAD) AppleWebKit/533.1 (KHTML, like Gecko) Version/4.0 Mobile Safari/533.1': 
2013/09/17 15:09:22 createMobileUserScan, INSERT INTO iphone_query SET iphone_id='', product_id='', user_id='5956', ean='3229820129280', longitude='0', latitude='0', altitude='0', date='2013-09-17 15:27:22', useragent='Mozilla/5.0 (Linux; U; Android 4.3; fr-fr; Nexus 4 Build/JWR66Y) AppleWebKit/534.30 (KHTML, like Gecko) Version/4.0 Mobile Safari/534.30': 
2013/09/17 15:09:23 createMobileUserScan, INSERT INTO iphone_query SET iphone_id='', product_id='', user_id='5956', ean='3229820129280', longitude='0', latitude='0', altitude='0', date='2013-09-17 15:30:23', useragent='Mozilla/5.0 (Linux; U; Android 4.3; fr-fr; Nexus 4 Build/JWR66Y) AppleWebKit/534.30 (KHTML, like Gecko) Version/4.0 Mobile Safari/534.30': 
2013/09/17 15:09:33 createMobileUserScan, INSERT INTO iphone_query SET iphone_id='', product_id='789', user_id='6593', ean='3380380054945', longitude='0', latitude='0', altitude='0', date='2013-09-17 15:32:33', useragent='Mozilla/5.0 (Linux; U; Android 4.1.2; fr-fr; C5303 Build/12.0.A.1.257) AppleWebKit/534.30 (KHTML, like Gecko) Version/4.0 Mobile Safari/534.30': 
2013/09/17 15:09:10 createMobileUserScan, INSERT INTO iphone_query SET iphone_id='', product_id='', user_id='6593', ean='3263854061314', longitude='0', latitude='0', altitude='0', date='2013-09-17 15:33:10', useragent='Mozilla/5.0 (Linux; U; Android 4.1.2; fr-fr; C5303 Build/12.0.A.1.257) AppleWebKit/534.30 (KHTML, like Gecko) Version/4.0 Mobile Safari/534.30': 
2013/09/17 15:09:46 createMobileUserScan, INSERT INTO iphone_query SET iphone_id='', product_id='', user_id='6593', ean='3700214611241', longitude='0', latitude='0', altitude='0', date='2013-09-17 15:39:46', useragent='Mozilla/5.0 (Linux; U; Android 4.1.2; fr-fr; C5303 Build/12.0.A.1.257) AppleWebKit/534.30 (KHTML, like Gecko) Version/4.0 Mobile Safari/534.30': 
2013/09/17 15:09:52 createMobileUserScan, INSERT INTO iphone_query SET iphone_id='', product_id='', user_id='5956', ean='3229820129280', longitude='0', latitude='0', altitude='0', date='2013-09-17 15:42:52', useragent='Mozilla/5.0 (Linux; U; Android 4.3; fr-fr; Nexus 4 Build/JWR66Y) AppleWebKit/534.30 (KHTML, like Gecko) Version/4.0 Mobile Safari/534.30': 
2013/09/17 15:09:59 createMobileUserScan, INSERT INTO iphone_query SET iphone_id='', product_id='', user_id='5956', ean='3229820129280', longitude='0', latitude='0', altitude='0', date='2013-09-17 15:45:59', useragent='Mozilla/5.0 (Linux; U; Android 4.3; fr-fr; Nexus 4 Build/JWR66Y) AppleWebKit/534.30 (KHTML, like Gecko) Version/4.0 Mobile Safari/534.30': 
2013/09/17 15:09:55 createMobileUserScan, INSERT INTO iphone_query SET iphone_id='', product_id='', user_id='5956', ean='3229820129280', longitude='0', latitude='0', altitude='0', date='2013-09-17 15:47:55', useragent='Mozilla/5.0 (Linux; U; Android 4.3; fr-fr; Nexus 4 Build/JWR66Y) AppleWebKit/534.30 (KHTML, like Gecko) Version/4.0 Mobile Safari/534.30': 
2013/09/17 15:09:34 createMobileUserScan, INSERT INTO iphone_query SET iphone_id='', product_id='', user_id='5956', ean='3229820129280', longitude='5.0510943', latitude='45.0351395', altitude='', date='2013-09-17 15:48:34', useragent='Mozilla/5.0 (Linux; U; Android 4.3; fr-fr; Nexus 4 Build/JWR66Y) AppleWebKit/534.30 (KHTML, like Gecko) Version/4.0 Mobile Safari/534.30': 
2013/09/17 15:09:38 createMobileUserScan, INSERT INTO iphone_query SET iphone_id='', product_id='', user_id='5956', ean='3229820129280', longitude='5.0511231', latitude='45.0351375', altitude='', date='2013-09-17 15:54:38', useragent='Mozilla/5.0 (Linux; U; Android 4.3; fr-fr; Nexus 4 Build/JWR66Y) AppleWebKit/534.30 (KHTML, like Gecko) Version/4.0 Mobile Safari/534.30': 
2013/09/17 15:09:29 createMobileUserScan, INSERT INTO iphone_query SET iphone_id='', product_id='', user_id='5956', ean='3229820129280', longitude='5.0510916', latitude='45.035143', altitude='', date='2013-09-17 15:55:29', useragent='Mozilla/5.0 (Linux; U; Android 4.3; fr-fr; Nexus 4 Build/JWR66Y) AppleWebKit/534.30 (KHTML, like Gecko) Version/4.0 Mobile Safari/534.30': 
2013/09/17 16:09:00 createMobileUserScan, INSERT INTO iphone_query SET iphone_id='', product_id='', user_id='5956', ean='3229820129280', longitude='5.0511201', latitude='45.0351363', altitude='', date='2013-09-17 16:07:00', useragent='Mozilla/5.0 (Linux; U; Android 4.3; fr-fr; Nexus 4 Build/JWR66Y) AppleWebKit/534.30 (KHTML, like Gecko) Version/4.0 Mobile Safari/534.30': 
2013/09/17 16:09:08 createMobileUserScan, INSERT INTO iphone_query SET iphone_id='', product_id='', user_id='6593', ean='3445020196505', longitude='0', latitude='0', altitude='0', date='2013-09-17 16:12:08', useragent='Mozilla/5.0 (Linux; U; Android 4.1.2; fr-fr; C5303 Build/12.0.A.1.257) AppleWebKit/534.30 (KHTML, like Gecko) Version/4.0 Mobile Safari/534.30': 
2013/09/17 16:09:35 createMobileUserScan, INSERT INTO iphone_query SET iphone_id='', product_id='', user_id='5956', ean='3229820129280', longitude='5.0511201', latitude='45.0351363', altitude='', date='2013-09-17 16:13:35', useragent='Mozilla/5.0 (Linux; U; Android 4.3; fr-fr; Nexus 4 Build/JWR66Y) AppleWebKit/534.30 (KHTML, like Gecko) Version/4.0 Mobile Safari/534.30': 
2013/09/17 16:09:13 createMobileUserScan, INSERT INTO iphone_query SET iphone_id='', product_id='', user_id='', ean='3183280012875', longitude='1.374990501721111', latitude='43.66465341457348', altitude='142.3960113525391', date='2013-09-17 16:48:13', useragent='Mozilla/5.0 (iPhone; CPU iPhone OS 6_1_3 like Mac OS X) AppleWebKit/536.26 (KHTML, like Gecko) Mobile/10B329 (525900320)': 
2013/09/17 16:09:33 createMobileUserScan, INSERT INTO iphone_query SET iphone_id='', product_id='', user_id='', ean='4029800142921', longitude='1.389221401427503', latitude='43.67433830180243', altitude='142.3960113525391', date='2013-09-17 16:48:33', useragent='Mozilla/5.0 (iPhone; CPU iPhone OS 6_1_3 like Mac OS X) AppleWebKit/536.26 (KHTML, like Gecko) Mobile/10B329 (525900320)': 
2013/09/17 16:09:59 createMobileUserScan, INSERT INTO iphone_query SET iphone_id='', product_id='', user_id='', ean='3564700005835', longitude='1.3747901110898', latitude='43.66497175702666', altitude='189.1977996826172', date='2013-09-17 16:48:59', useragent='Mozilla/5.0 (iPhone; CPU iPhone OS 6_1_3 like Mac OS X) AppleWebKit/536.26 (KHTML, like Gecko) Mobile/10B329 (525900320)': 
2013/09/17 21:09:41 createMobileUserScan, INSERT INTO iphone_query SET iphone_id='', product_id='', user_id='', ean='3256813111410', longitude='-2.470681256522272', latitude='47.33128099417536', altitude='12.31537628173828', date='2013-09-17 21:22:41', useragent='Mozilla/5.0 (iPad; CPU OS 6_1_3 like Mac OS X) AppleWebKit/536.26 (KHTML, like Gecko) Mobile/10B329 (553912640)': 
2013/09/17 21:09:03 createMobileUserScan, INSERT INTO iphone_query SET iphone_id='', product_id='', user_id='', ean='5449000053565', longitude='-2.470691488423317', latitude='47.33130805875133', altitude='12.28941440582275', date='2013-09-17 21:23:03', useragent='Mozilla/5.0 (iPad; CPU OS 6_1_3 like Mac OS X) AppleWebKit/536.26 (KHTML, like Gecko) Mobile/10B329 (553912640)': 
2013/09/17 22:09:52 insert, INSERT INTO iphone_users_stat SET user_id='6704', total_scan='', total_resp_scan='', month_scan='', month_resp_scan='', nbwin='' : 
2013/09/17 22:09:31 createMobileUserScan, INSERT INTO iphone_query SET iphone_id='', product_id='', user_id='6704', ean='3282779193566', longitude='0', latitude='0', altitude='0', date='2013-09-17 22:39:31', useragent='Mozilla/5.0 (Linux; U; Android 4.2.2; fr-fr; GT-I9505 Build/JDQ39) AppleWebKit/534.30 (KHTML, like Gecko) Version/4.0 Mobile Safari/534.30': 
2013/09/17 22:09:37 createMobileUserScan, INSERT INTO iphone_query SET iphone_id='', product_id='', user_id='6704', ean='4021457476336', longitude='0', latitude='0', altitude='0', date='2013-09-17 22:42:37', useragent='Mozilla/5.0 (Linux; U; Android 4.2.2; fr-fr; GT-I9505 Build/JDQ39) AppleWebKit/534.30 (KHTML, like Gecko) Version/4.0 Mobile Safari/534.30': 
2013/09/17 22:09:57 createMobileUserScan, INSERT INTO iphone_query SET iphone_id='', product_id='', user_id='6704', ean='3273120011707', longitude='0', latitude='0', altitude='0', date='2013-09-17 22:43:57', useragent='Mozilla/5.0 (Linux; U; Android 4.2.2; fr-fr; GT-I9505 Build/JDQ39) AppleWebKit/534.30 (KHTML, like Gecko) Version/4.0 Mobile Safari/534.30': 
2013/09/17 23:09:43 createMobileUserScan, INSERT INTO iphone_query SET iphone_id='', product_id='', user_id='', ean='3245412990281', longitude='0', latitude='0', altitude='0', date='2013-09-17 23:08:43', useragent='Mozilla/5.0 (Linux; U; Android 2.3.5; fr-fr; GT-I9100 Build/GINGERBREAD) AppleWebKit/533.1 (KHTML, like Gecko) Version/4.0 Mobile Safari/533.1': 
2013/09/17 23:09:10 createMobileUserScan, INSERT INTO iphone_query SET iphone_id='', product_id='', user_id='', ean='3660603000202', longitude='0', latitude='0', altitude='0', date='2013-09-17 23:09:10', useragent='Mozilla/5.0 (Linux; U; Android 2.3.5; fr-fr; GT-I9100 Build/GINGERBREAD) AppleWebKit/533.1 (KHTML, like Gecko) Version/4.0 Mobile Safari/533.1': 
2013/09/17 23:09:00 createMobileUserScan, INSERT INTO iphone_query SET iphone_id='', product_id='', user_id='', ean='8001505005592', longitude='0', latitude='0', altitude='0', date='2013-09-17 23:10:00', useragent='Mozilla/5.0 (Linux; U; Android 2.3.5; fr-fr; GT-I9100 Build/GINGERBREAD) AppleWebKit/533.1 (KHTML, like Gecko) Version/4.0 Mobile Safari/533.1': 
2013/09/17 23:09:20 createMobileUserScan, INSERT INTO iphone_query SET iphone_id='', product_id='', user_id='', ean='3068320055008', longitude='0', latitude='0', altitude='0', date='2013-09-17 23:10:20', useragent='Mozilla/5.0 (Linux; U; Android 2.3.5; fr-fr; GT-I9100 Build/GINGERBREAD) AppleWebKit/533.1 (KHTML, like Gecko) Version/4.0 Mobile Safari/533.1': 
2013/09/17 23:09:39 createMobileUserScan, INSERT INTO iphone_query SET iphone_id='', product_id='', user_id='', ean='3587220121502', longitude='0', latitude='0', altitude='0', date='2013-09-17 23:11:39', useragent='Mozilla/5.0 (Linux; U; Android 2.3.5; fr-fr; GT-I9100 Build/GINGERBREAD) AppleWebKit/533.1 (KHTML, like Gecko) Version/4.0 Mobile Safari/533.1': 
2013/09/17 23:09:20 insert, INSERT INTO iphone_users_stat SET user_id='6705', total_scan='', total_resp_scan='', month_scan='', month_resp_scan='', nbwin='' : 
2013/09/17 23:09:00 createMobileUserScan, INSERT INTO iphone_query SET iphone_id='', product_id='', user_id='', ean='3283950911238', longitude='0', latitude='0', altitude='0', date='2013-09-17 23:32:00', useragent='Mozilla/5.0 (Linux; U; Android 2.3.5; fr-fr; GT-I9100 Build/GINGERBREAD) AppleWebKit/533.1 (KHTML, like Gecko) Version/4.0 Mobile Safari/533.1': 
2013/09/17 23:09:28 createMobileUserScan, INSERT INTO iphone_query SET iphone_id='', product_id='', user_id='', ean='3596209530365', longitude='0', latitude='0', altitude='0', date='2013-09-17 23:32:28', useragent='Mozilla/5.0 (Linux; U; Android 2.3.5; fr-fr; GT-I9100 Build/GINGERBREAD) AppleWebKit/533.1 (KHTML, like Gecko) Version/4.0 Mobile Safari/533.1': 
2013/09/17 23:09:48 createMobileUserScan, INSERT INTO iphone_query SET iphone_id='', product_id='', user_id='', ean='3478820120005', longitude='0', latitude='0', altitude='0', date='2013-09-17 23:32:48', useragent='Mozilla/5.0 (Linux; U; Android 2.3.5; fr-fr; GT-I9100 Build/GINGERBREAD) AppleWebKit/533.1 (KHTML, like Gecko) Version/4.0 Mobile Safari/533.1': 
2013/09/17 23:09:36 createMobileUserScan, INSERT INTO iphone_query SET iphone_id='', product_id='', user_id='', ean='3326100000670', longitude='0', latitude='0', altitude='0', date='2013-09-17 23:33:36', useragent='Mozilla/5.0 (Linux; U; Android 2.3.5; fr-fr; GT-I9100 Build/GINGERBREAD) AppleWebKit/533.1 (KHTML, like Gecko) Version/4.0 Mobile Safari/533.1': 
2013/09/17 23:09:43 createMobileUserScan, INSERT INTO iphone_query SET iphone_id='', product_id='', user_id='', ean='3478820120005', longitude='0', latitude='0', altitude='0', date='2013-09-17 23:33:43', useragent='Mozilla/5.0 (Linux; U; Android 2.3.5; fr-fr; GT-I9100 Build/GINGERBREAD) AppleWebKit/533.1 (KHTML, like Gecko) Version/4.0 Mobile Safari/533.1': 
2013/09/17 23:09:56 createMobileUserScan, INSERT INTO iphone_query SET iphone_id='', product_id='', user_id='', ean='3178040661950', longitude='0', latitude='0', altitude='0', date='2013-09-17 23:33:56', useragent='Mozilla/5.0 (Linux; U; Android 2.3.5; fr-fr; GT-I9100 Build/GINGERBREAD) AppleWebKit/533.1 (KHTML, like Gecko) Version/4.0 Mobile Safari/533.1': 
2013/09/17 23:09:23 createMobileUserScan, INSERT INTO iphone_query SET iphone_id='', product_id='', user_id='', ean='3401351539848', longitude='0', latitude='0', altitude='0', date='2013-09-17 23:34:23', useragent='Mozilla/5.0 (Linux; U; Android 2.3.5; fr-fr; GT-I9100 Build/GINGERBREAD) AppleWebKit/533.1 (KHTML, like Gecko) Version/4.0 Mobile Safari/533.1': 
2013/09/17 23:09:20 createMobileUserScan, INSERT INTO iphone_query SET iphone_id='', product_id='', user_id='', ean='3478820036870', longitude='0', latitude='0', altitude='0', date='2013-09-17 23:35:20', useragent='Mozilla/5.0 (Linux; U; Android 2.3.5; fr-fr; GT-I9100 Build/GINGERBREAD) AppleWebKit/533.1 (KHTML, like Gecko) Version/4.0 Mobile Safari/533.1': 
2013/09/17 23:09:41 createMobileUserScan, INSERT INTO iphone_query SET iphone_id='', product_id='', user_id='', ean='3283950080057', longitude='0', latitude='0', altitude='0', date='2013-09-17 23:35:41', useragent='Mozilla/5.0 (Linux; U; Android 2.3.5; fr-fr; GT-I9100 Build/GINGERBREAD) AppleWebKit/533.1 (KHTML, like Gecko) Version/4.0 Mobile Safari/533.1': 
2013/09/17 23:09:26 createMobileUserScan, INSERT INTO iphone_query SET iphone_id='', product_id='', user_id='', ean='3478820036870', longitude='0', latitude='0', altitude='0', date='2013-09-17 23:38:26', useragent='Mozilla/5.0 (Linux; U; Android 2.3.5; fr-fr; GT-I9100 Build/GINGERBREAD) AppleWebKit/533.1 (KHTML, like Gecko) Version/4.0 Mobile Safari/533.1': 
2013/09/17 23:09:03 createMobileUserScan, INSERT INTO iphone_query SET iphone_id='', product_id='', user_id='', ean='3517360015140', longitude='0', latitude='0', altitude='0', date='2013-09-17 23:39:03', useragent='Mozilla/5.0 (Linux; U; Android 2.3.5; fr-fr; GT-I9100 Build/GINGERBREAD) AppleWebKit/533.1 (KHTML, like Gecko) Version/4.0 Mobile Safari/533.1': 
2013/09/17 23:09:17 createMobileUserScan, INSERT INTO iphone_query SET iphone_id='', product_id='', user_id='', ean='3283950080033', longitude='0', latitude='0', altitude='0', date='2013-09-17 23:39:17', useragent='Mozilla/5.0 (Linux; U; Android 2.3.5; fr-fr; GT-I9100 Build/GINGERBREAD) AppleWebKit/533.1 (KHTML, like Gecko) Version/4.0 Mobile Safari/533.1': 
2013/09/17 23:09:09 createMobileUserScan, INSERT INTO iphone_query SET iphone_id='', product_id='', user_id='', ean='3517360015140', longitude='0', latitude='0', altitude='0', date='2013-09-17 23:40:09', useragent='Mozilla/5.0 (Linux; U; Android 2.3.5; fr-fr; GT-I9100 Build/GINGERBREAD) AppleWebKit/533.1 (KHTML, like Gecko) Version/4.0 Mobile Safari/533.1': 
2013/09/17 23:09:24 createMobileUserScan, INSERT INTO iphone_query SET iphone_id='', product_id='', user_id='', ean='3401599453920', longitude='0', latitude='0', altitude='0', date='2013-09-17 23:40:24', useragent='Mozilla/5.0 (Linux; U; Android 2.3.5; fr-fr; GT-I9100 Build/GINGERBREAD) AppleWebKit/533.1 (KHTML, like Gecko) Version/4.0 Mobile Safari/533.1': 
2013/09/17 23:09:15 createMobileUserScan, INSERT INTO iphone_query SET iphone_id='', product_id='', user_id='', ean='5420008509131', longitude='0', latitude='0', altitude='0', date='2013-09-17 23:44:15', useragent='Mozilla/5.0 (Linux; U; Android 2.3.5; fr-fr; GT-I9100 Build/GINGERBREAD) AppleWebKit/533.1 (KHTML, like Gecko) Version/4.0 Mobile Safari/533.1': 
2013/09/17 23:09:34 createMobileUserScan, INSERT INTO iphone_query SET iphone_id='', product_id='', user_id='', ean='3517360014945', longitude='0', latitude='0', altitude='0', date='2013-09-17 23:44:34', useragent='Mozilla/5.0 (Linux; U; Android 2.3.5; fr-fr; GT-I9100 Build/GINGERBREAD) AppleWebKit/533.1 (KHTML, like Gecko) Version/4.0 Mobile Safari/533.1': 
2013/09/17 23:09:08 createMobileUserScan, INSERT INTO iphone_query SET iphone_id='', product_id='', user_id='', ean='3760177500181', longitude='0', latitude='0', altitude='0', date='2013-09-17 23:45:08', useragent='Mozilla/5.0 (Linux; U; Android 2.3.5; fr-fr; GT-I9100 Build/GINGERBREAD) AppleWebKit/533.1 (KHTML, like Gecko) Version/4.0 Mobile Safari/533.1': 
2013/09/17 23:09:24 createMobileUserScan, INSERT INTO iphone_query SET iphone_id='', product_id='', user_id='', ean='3478820045865', longitude='0', latitude='0', altitude='0', date='2013-09-17 23:45:24', useragent='Mozilla/5.0 (Linux; U; Android 2.3.5; fr-fr; GT-I9100 Build/GINGERBREAD) AppleWebKit/533.1 (KHTML, like Gecko) Version/4.0 Mobile Safari/533.1': 
2013/09/17 23:09:27 createMobileUserScan, INSERT INTO iphone_query SET iphone_id='', product_id='', user_id='', ean='3760177500181', longitude='0', latitude='0', altitude='0', date='2013-09-17 23:45:27', useragent='Mozilla/5.0 (Linux; U; Android 2.3.5; fr-fr; GT-I9100 Build/GINGERBREAD) AppleWebKit/533.1 (KHTML, like Gecko) Version/4.0 Mobile Safari/533.1': 
2013/09/17 23:09:02 createMobileUserScan, INSERT INTO iphone_query SET iphone_id='', product_id='', user_id='', ean='4017645014510', longitude='0', latitude='0', altitude='0', date='2013-09-17 23:46:02', useragent='Mozilla/5.0 (Linux; U; Android 2.3.5; fr-fr; GT-I9100 Build/GINGERBREAD) AppleWebKit/533.1 (KHTML, like Gecko) Version/4.0 Mobile Safari/533.1': 
2013/09/17 23:09:29 createMobileUserScan, INSERT INTO iphone_query SET iphone_id='', product_id='', user_id='', ean='4017645036963', longitude='0', latitude='0', altitude='0', date='2013-09-17 23:46:29', useragent='Mozilla/5.0 (Linux; U; Android 2.3.5; fr-fr; GT-I9100 Build/GINGERBREAD) AppleWebKit/533.1 (KHTML, like Gecko) Version/4.0 Mobile Safari/533.1': 
2013/09/17 23:09:48 createMobileUserScan, INSERT INTO iphone_query SET iphone_id='', product_id='', user_id='', ean='3270190136873', longitude='0', latitude='0', altitude='0', date='2013-09-17 23:46:48', useragent='Mozilla/5.0 (Linux; U; Android 2.3.5; fr-fr; GT-I9100 Build/GINGERBREAD) AppleWebKit/533.1 (KHTML, like Gecko) Version/4.0 Mobile Safari/533.1': 
2013/09/17 23:09:20 createMobileUserScan, INSERT INTO iphone_query SET iphone_id='', product_id='', user_id='', ean='3517360002553', longitude='0', latitude='0', altitude='0', date='2013-09-17 23:48:20', useragent='Mozilla/5.0 (Linux; U; Android 2.3.5; fr-fr; GT-I9100 Build/GINGERBREAD) AppleWebKit/533.1 (KHTML, like Gecko) Version/4.0 Mobile Safari/533.1': 
2013/09/17 23:09:33 createMobileUserScan, INSERT INTO iphone_query SET iphone_id='', product_id='', user_id='', ean='3517360002430', longitude='0', latitude='0', altitude='0', date='2013-09-17 23:48:33', useragent='Mozilla/5.0 (Linux; U; Android 2.3.5; fr-fr; GT-I9100 Build/GINGERBREAD) AppleWebKit/533.1 (KHTML, like Gecko) Version/4.0 Mobile Safari/533.1': 
2013/09/17 23:09:56 createMobileUserScan, INSERT INTO iphone_query SET iphone_id='', product_id='', user_id='', ean='3286010014757', longitude='0', latitude='0', altitude='0', date='2013-09-17 23:48:56', useragent='Mozilla/5.0 (Linux; U; Android 2.3.5; fr-fr; GT-I9100 Build/GINGERBREAD) AppleWebKit/533.1 (KHTML, like Gecko) Version/4.0 Mobile Safari/533.1': 
2013/09/18 07:09:46 createMobileUserScan, INSERT INTO iphone_query SET iphone_id='', product_id='', user_id='5956', ean='3229820129280', longitude='5.05123', latitude='45.0351067', altitude='', date='2013-09-18 07:59:46', useragent='Mozilla/5.0 (Linux; U; Android 4.3; fr-fr; Nexus 4 Build/JWR66Y) AppleWebKit/534.30 (KHTML, like Gecko) Version/4.0 Mobile Safari/534.30': 
2013/09/18 08:09:48 createMobileUserScan, INSERT INTO iphone_query SET iphone_id='', product_id='', user_id='5956', ean='3229820129280', longitude='5.0510976', latitude='45.0351399', altitude='', date='2013-09-18 08:02:48', useragent='Mozilla/5.0 (Linux; U; Android 4.3; fr-fr; Nexus 4 Build/JWR66Y) AppleWebKit/534.30 (KHTML, like Gecko) Version/4.0 Mobile Safari/534.30': 
2013/09/18 10:09:01 insert, INSERT INTO iphone_users_stat SET user_id='6706', total_scan='', total_resp_scan='', month_scan='', month_resp_scan='', nbwin='' : 
2013/09/18 10:09:40 insert, INSERT INTO iphone_users_stat SET user_id='6707', total_scan='', total_resp_scan='', month_scan='', month_resp_scan='', nbwin='' : 
2013/09/18 10:09:21 insert, INSERT INTO iphone_users_stat SET user_id='6708', total_scan='', total_resp_scan='', month_scan='', month_resp_scan='', nbwin='' : 
2013/09/18 10:09:10 createMobileUserScan, INSERT INTO iphone_query SET iphone_id='', product_id='', user_id='', ean='3564707082907', longitude='-1.6921915', latitude='43.3665503', altitude='', date='2013-09-18 10:15:10', useragent='Mozilla/5.0 (Linux; U; Android 4.1.2; fr-fr; HTC One SV Build/JZO54K) AppleWebKit/534.30 (KHTML, like Gecko) Version/4.0 Mobile Safari/534.30': 
2013/09/18 12:09:58 createMobileUserScan, INSERT INTO iphone_query SET iphone_id='', product_id='', user_id='6593', ean='3493832040721', longitude='0', latitude='0', altitude='0', date='2013-09-18 12:24:58', useragent='Mozilla/5.0 (Linux; U; Android 4.1.2; fr-fr; C5303 Build/12.0.A.1.257) AppleWebKit/534.30 (KHTML, like Gecko) Version/4.0 Mobile Safari/534.30': 
2013/09/18 12:09:07 createMobileUserScan, INSERT INTO iphone_query SET iphone_id='', product_id='', user_id='6593', ean='3560070723836', longitude='0', latitude='0', altitude='0', date='2013-09-18 12:26:07', useragent='Mozilla/5.0 (Linux; U; Android 4.1.2; fr-fr; C5303 Build/12.0.A.1.257) AppleWebKit/534.30 (KHTML, like Gecko) Version/4.0 Mobile Safari/534.30': 
2013/09/18 12:09:47 insert, INSERT INTO iphone_users_stat SET user_id='6709', total_scan='', total_resp_scan='', month_scan='', month_resp_scan='', nbwin='' : 
2013/09/18 20:09:25 insert, INSERT INTO iphone_users_stat SET user_id='6710', total_scan='', total_resp_scan='', month_scan='', month_resp_scan='', nbwin='' : 
2013/09/18 20:09:04 createMobileUserScan, INSERT INTO iphone_query SET iphone_id='', product_id='', user_id='', ean='8411029005525', longitude='-3.710961139667237', latitude='40.42132858068359', altitude='659.5615844726562', date='2013-09-18 20:11:04', useragent='Mozilla/5.0 (iPad; CPU OS 6_1_3 like Mac OS X) AppleWebKit/536.26 (KHTML, like Gecko) Mobile/10B329 (483592512)': 
2013/09/18 20:09:10 createMobileUserScan, INSERT INTO iphone_query SET iphone_id='', product_id='', user_id='', ean='8410100021553', longitude='-3.711051179706114', latitude='40.4212755632838', altitude='660.0113525390625', date='2013-09-18 20:14:10', useragent='Mozilla/5.0 (iPad; CPU OS 6_1_3 like Mac OS X) AppleWebKit/536.26 (KHTML, like Gecko) Mobile/10B329 (483592512)': 
2013/09/18 20:09:49 createMobileUserScan, INSERT INTO iphone_query SET iphone_id='', product_id='', user_id='', ean='5711192150545', longitude='-3.711051179706114', latitude='40.4212755632838', altitude='660.0113525390625', date='2013-09-18 20:15:49', useragent='Mozilla/5.0 (iPad; CPU OS 6_1_3 like Mac OS X) AppleWebKit/536.26 (KHTML, like Gecko) Mobile/10B329 (483592512)': 
2013/09/18 22:09:27 createMobileUserScan, INSERT INTO iphone_query SET iphone_id='', product_id='', user_id='', ean='3560070364589', longitude='0', latitude='0', altitude='0', date='2013-09-18 22:05:27', useragent='Mozilla/5.0 (iPhone; CPU iPhone OS 6_1_3 like Mac OS X) AppleWebKit/536.26 (KHTML, like Gecko) Mobile/10B329 (484095840)': 
2013/09/18 22:09:42 createMobileUserScan, INSERT INTO iphone_query SET iphone_id='', product_id='', user_id='', ean='3560070168569', longitude='0', latitude='0', altitude='0', date='2013-09-18 22:05:42', useragent='Mozilla/5.0 (iPhone; CPU iPhone OS 6_1_3 like Mac OS X) AppleWebKit/536.26 (KHTML, like Gecko) Mobile/10B329 (484095840)': 
2013/09/18 22:09:46 createMobileUserScan, INSERT INTO iphone_query SET iphone_id='', product_id='', user_id='', ean='3760099591984', longitude='0', latitude='0', altitude='0', date='2013-09-18 22:06:46', useragent='Mozilla/5.0 (iPhone; CPU iPhone OS 6_1_3 like Mac OS X) AppleWebKit/536.26 (KHTML, like Gecko) Mobile/10B329 (484095840)': 
2013/09/19 00:09:20 createMobileUserScan, INSERT INTO iphone_query SET iphone_id='', product_id='', user_id='6582', ean='3760044430603', longitude='2.389537644131881', latitude='48.85786455728537', altitude='118.1297225952148', date='2013-09-19 00:09:20', useragent='Mozilla/5.0 (iPhone; CPU iPhone OS 6_1_3 like Mac OS X) AppleWebKit/536.26 (KHTML, like Gecko) Mobile/10B329 (509285968)': 
2013/09/19 07:09:08 createMobileUserScan, INSERT INTO iphone_query SET iphone_id='', product_id='', user_id='', ean='3564700582701', longitude='-0.6771382768056664', latitude='44.87620258989974', altitude='51.04161834716797', date='2013-09-19 07:15:08', useragent='Mozilla/5.0 (iPhone; CPU iPhone OS 6_1_3 like Mac OS X) AppleWebKit/536.26 (KHTML, like Gecko) Mobile/10B329 (475249232)': 
2013/09/19 07:09:37 createMobileUserScan, INSERT INTO iphone_query SET iphone_id='', product_id='', user_id='', ean='3760020500658', longitude='-0.6771382768056664', latitude='44.87620258989974', altitude='51.04161834716797', date='2013-09-19 07:15:37', useragent='Mozilla/5.0 (iPhone; CPU iPhone OS 6_1_3 like Mac OS X) AppleWebKit/536.26 (KHTML, like Gecko) Mobile/10B329 (475249232)': 
2013/09/19 07:09:46 createMobileUserScan, INSERT INTO iphone_query SET iphone_id='', product_id='', user_id='', ean='3564700582701', longitude='-0.6771382768056664', latitude='44.87620258989974', altitude='51.04161834716797', date='2013-09-19 07:15:46', useragent='Mozilla/5.0 (iPhone; CPU iPhone OS 6_1_3 like Mac OS X) AppleWebKit/536.26 (KHTML, like Gecko) Mobile/10B329 (475249232)': 
2013/09/19 07:09:05 createMobileUserScan, INSERT INTO iphone_query SET iphone_id='', product_id='', user_id='', ean='3564700002858', longitude='-0.6771382768056664', latitude='44.87620258989974', altitude='51.04161834716797', date='2013-09-19 07:16:05', useragent='Mozilla/5.0 (iPhone; CPU iPhone OS 6_1_3 like Mac OS X) AppleWebKit/536.26 (KHTML, like Gecko) Mobile/10B329 (475249232)': 
2013/09/19 10:09:29 createMobileUserScan, INSERT INTO iphone_query SET iphone_id='', product_id='', user_id='293', ean='3222474247584', longitude='5.056300267631358', latitude='45.03896445442597', altitude='168.5618743896484', date='2013-09-19 10:23:29', useragent='Mozilla/5.0 (iPhone; CPU iPhone OS 6_1_3 like Mac OS X) AppleWebKit/536.26 (KHTML, like Gecko) Mobile/10B329 (525823248)': 
2013/09/19 10:09:47 createMobileUserScan, INSERT INTO iphone_query SET iphone_id='', product_id='', user_id='293', ean='4006508160884', longitude='5.056300267631358', latitude='45.03896445442597', altitude='168.5618743896484', date='2013-09-19 10:23:47', useragent='Mozilla/5.0 (iPhone; CPU iPhone OS 6_1_3 like Mac OS X) AppleWebKit/536.26 (KHTML, like Gecko) Mobile/10B329 (525823248)': 
2013/09/19 10:09:28 createMobileUserScan, INSERT INTO iphone_query SET iphone_id='', product_id='', user_id='293', ean='3222472764762', longitude='5.05274244040053', latitude='45.03346264110909', altitude='223.2120971679688', date='2013-09-19 10:25:28', useragent='Mozilla/5.0 (iPhone; CPU iPhone OS 6_1_3 like Mac OS X) AppleWebKit/536.26 (KHTML, like Gecko) Mobile/10B329 (525823248)': 
2013/09/19 10:09:45 createMobileUserScan, INSERT INTO iphone_query SET iphone_id='', product_id='', user_id='293', ean='3222473056309', longitude='5.051711834775354', latitude='45.03581364464344', altitude='223.2120971679688', date='2013-09-19 10:25:45', useragent='Mozilla/5.0 (iPhone; CPU iPhone OS 6_1_3 like Mac OS X) AppleWebKit/536.26 (KHTML, like Gecko) Mobile/10B329 (525823248)': 
2013/09/19 10:09:20 createMobileUserScan, INSERT INTO iphone_query SET iphone_id='', product_id='', user_id='293', ean='3222474495251', longitude='5.051711834775354', latitude='45.03581364464344', altitude='223.2120971679688', date='2013-09-19 10:26:20', useragent='Mozilla/5.0 (iPhone; CPU iPhone OS 6_1_3 like Mac OS X) AppleWebKit/536.26 (KHTML, like Gecko) Mobile/10B329 (525823248)': 
2013/09/19 10:09:55 createMobileUserScan, INSERT INTO iphone_query SET iphone_id='', product_id='622', user_id='293', ean='3450605071122', longitude='5.052762982694694', latitude='45.03317280695254', altitude='181.7094421386719', date='2013-09-19 10:26:55', useragent='Mozilla/5.0 (iPhone; CPU iPhone OS 6_1_3 like Mac OS X) AppleWebKit/536.26 (KHTML, like Gecko) Mobile/10B329 (525823248)': 
2013/09/19 10:09:07 createMobileUserScan, INSERT INTO iphone_query SET iphone_id='', product_id='336', user_id='293', ean='4009175122933', longitude='5.052762982694694', latitude='45.03317280695254', altitude='181.7094421386719', date='2013-09-19 10:27:07', useragent='Mozilla/5.0 (iPhone; CPU iPhone OS 6_1_3 like Mac OS X) AppleWebKit/536.26 (KHTML, like Gecko) Mobile/10B329 (525823248)': 
2013/09/19 10:09:26 createMobileUserScan, INSERT INTO iphone_query SET iphone_id='', product_id='', user_id='293', ean='3222475130403', longitude='5.052855554023031', latitude='45.03320049463647', altitude='199.7729949951172', date='2013-09-19 10:27:26', useragent='Mozilla/5.0 (iPhone; CPU iPhone OS 6_1_3 like Mac OS X) AppleWebKit/536.26 (KHTML, like Gecko) Mobile/10B329 (525823248)': 
2013/09/19 10:09:44 createMobileUserScan, INSERT INTO iphone_query SET iphone_id='', product_id='', user_id='293', ean='3222474725549', longitude='5.052855554023031', latitude='45.03320049463647', altitude='199.7729949951172', date='2013-09-19 10:27:44', useragent='Mozilla/5.0 (iPhone; CPU iPhone OS 6_1_3 like Mac OS X) AppleWebKit/536.26 (KHTML, like Gecko) Mobile/10B329 (525823248)': 
2013/09/19 10:09:03 createMobileUserScan, INSERT INTO iphone_query SET iphone_id='', product_id='', user_id='293', ean='3822473879276', longitude='5.052766058838454', latitude='45.03321230663528', altitude='189.7410888671875', date='2013-09-19 10:28:03', useragent='Mozilla/5.0 (iPhone; CPU iPhone OS 6_1_3 like Mac OS X) AppleWebKit/536.26 (KHTML, like Gecko) Mobile/10B329 (525823248)': 
2013/09/19 10:09:24 createMobileUserScan, INSERT INTO iphone_query SET iphone_id='', product_id='', user_id='293', ean='3222474495244', longitude='5.052749758442016', latitude='45.03320848147638', altitude='187.1467132568359', date='2013-09-19 10:28:24', useragent='Mozilla/5.0 (iPhone; CPU iPhone OS 6_1_3 like Mac OS X) AppleWebKit/536.26 (KHTML, like Gecko) Mobile/10B329 (525823248)': 
2013/09/19 10:09:52 createMobileUserScan, INSERT INTO iphone_query SET iphone_id='', product_id='131', user_id='293', ean='3450601013775', longitude='5.052921260669526', latitude='45.03366429334894', altitude='187.1467132568359', date='2013-09-19 10:28:52', useragent='Mozilla/5.0 (iPhone; CPU iPhone OS 6_1_3 like Mac OS X) AppleWebKit/536.26 (KHTML, like Gecko) Mobile/10B329 (525823248)': 
2013/09/19 10:09:08 createMobileUserScan, INSERT INTO iphone_query SET iphone_id='', product_id='', user_id='293', ean='3222475144011', longitude='5.052655528095713', latitude='45.03315378832073', altitude='162.0388793945312', date='2013-09-19 10:29:08', useragent='Mozilla/5.0 (iPhone; CPU iPhone OS 6_1_3 like Mac OS X) AppleWebKit/536.26 (KHTML, like Gecko) Mobile/10B329 (525823248)': 
2013/09/19 10:09:26 createMobileUserScan, INSERT INTO iphone_query SET iphone_id='', product_id='', user_id='293', ean='3222474622336', longitude='5.052655528095713', latitude='45.03315378832073', altitude='162.0388793945312', date='2013-09-19 10:29:26', useragent='Mozilla/5.0 (iPhone; CPU iPhone OS 6_1_3 like Mac OS X) AppleWebKit/536.26 (KHTML, like Gecko) Mobile/10B329 (525823248)': 
2013/09/19 10:09:41 createMobileUserScan, INSERT INTO iphone_query SET iphone_id='', product_id='', user_id='293', ean='3222475305207', longitude='5.052804593102469', latitude='45.03326328043519', altitude='189.1959838867188', date='2013-09-19 10:29:41', useragent='Mozilla/5.0 (iPhone; CPU iPhone OS 6_1_3 like Mac OS X) AppleWebKit/536.26 (KHTML, like Gecko) Mobile/10B329 (525823248)': 
2013/09/19 10:09:55 createMobileUserScan, INSERT INTO iphone_query SET iphone_id='', product_id='', user_id='293', ean='1281703114211', longitude='5.052735004124637', latitude='45.03318222190937', altitude='181.5559997558594', date='2013-09-19 10:29:55', useragent='Mozilla/5.0 (iPhone; CPU iPhone OS 6_1_3 like Mac OS X) AppleWebKit/536.26 (KHTML, like Gecko) Mobile/10B329 (525823248)': 
2013/09/19 10:09:21 createMobileUserScan, INSERT INTO iphone_query SET iphone_id='', product_id='', user_id='293', ean='3222475130373', longitude='5.052735004124637', latitude='45.03318222190937', altitude='181.5559997558594', date='2013-09-19 10:30:08', useragent='Mozilla/5.0 (iPhone; CPU iPhone OS 6_1_3 like Mac OS X) AppleWebKit/536.26 (KHTML, like Gecko) Mobile/10B329 (525823248)': 
2013/09/19 10:09:36 createMobileUserScan, INSERT INTO iphone_query SET iphone_id='', product_id='425', user_id='293', ean='4009175198730', longitude='5.05278060608375', latitude='45.03325112886401', altitude='167.388427734375', date='2013-09-19 10:30:36', useragent='Mozilla/5.0 (iPhone; CPU iPhone OS 6_1_3 like Mac OS X) AppleWebKit/536.26 (KHTML, like Gecko) Mobile/10B329 (525823248)': 
2013/09/19 10:09:52 createMobileUserScan, INSERT INTO iphone_query SET iphone_id='', product_id='', user_id='293', ean='3222475130410', longitude='5.05278060608375', latitude='45.03325112886401', altitude='167.388427734375', date='2013-09-19 10:30:52', useragent='Mozilla/5.0 (iPhone; CPU iPhone OS 6_1_3 like Mac OS X) AppleWebKit/536.26 (KHTML, like Gecko) Mobile/10B329 (525823248)': 
2013/09/19 10:09:11 createMobileUserScan, INSERT INTO iphone_query SET iphone_id='', product_id='', user_id='293', ean='3383482293885', longitude='5.052715100159719', latitude='45.03324383838583', altitude='153.9816589355469', date='2013-09-19 10:31:11', useragent='Mozilla/5.0 (iPhone; CPU iPhone OS 6_1_3 like Mac OS X) AppleWebKit/536.26 (KHTML, like Gecko) Mobile/10B329 (525823248)': 
2013/09/19 10:09:14 createMobileUserScan, INSERT INTO iphone_query SET iphone_id='', product_id='', user_id='293', ean='3229820787329', longitude='5.052715100159719', latitude='45.03324383838583', altitude='153.9816589355469', date='2013-09-19 10:32:14', useragent='Mozilla/5.0 (iPhone; CPU iPhone OS 6_1_3 like Mac OS X) AppleWebKit/536.26 (KHTML, like Gecko) Mobile/10B329 (525823248)': 
2013/09/19 10:09:29 createMobileUserScan, INSERT INTO iphone_query SET iphone_id='', product_id='', user_id='293', ean='3229820785752', longitude='5.052411427483047', latitude='45.03280684219887', altitude='149.1068420410156', date='2013-09-19 10:32:29', useragent='Mozilla/5.0 (iPhone; CPU iPhone OS 6_1_3 like Mac OS X) AppleWebKit/536.26 (KHTML, like Gecko) Mobile/10B329 (525823248)': 
2013/09/19 10:09:39 createMobileUserScan, INSERT INTO iphone_query SET iphone_id='', product_id='', user_id='293', ean='3229820762692', longitude='5.052628523481961', latitude='45.03301424502924', altitude='147.6297454833984', date='2013-09-19 10:32:39', useragent='Mozilla/5.0 (iPhone; CPU iPhone OS 6_1_3 like Mac OS X) AppleWebKit/536.26 (KHTML, like Gecko) Mobile/10B329 (525823248)': 
2013/09/19 10:09:50 createMobileUserScan, INSERT INTO iphone_query SET iphone_id='', product_id='', user_id='293', ean='3229820783222', longitude='5.052628523481961', latitude='45.03301424502924', altitude='147.6297454833984', date='2013-09-19 10:32:50', useragent='Mozilla/5.0 (iPhone; CPU iPhone OS 6_1_3 like Mac OS X) AppleWebKit/536.26 (KHTML, like Gecko) Mobile/10B329 (525823248)': 
2013/09/19 10:09:00 createMobileUserScan, INSERT INTO iphone_query SET iphone_id='', product_id='', user_id='293', ean='3222474044749', longitude='5.052628523481961', latitude='45.03301424502924', altitude='158.3630523681641', date='2013-09-19 10:33:00', useragent='Mozilla/5.0 (iPhone; CPU iPhone OS 6_1_3 like Mac OS X) AppleWebKit/536.26 (KHTML, like Gecko) Mobile/10B329 (525823248)': 
2013/09/19 10:09:21 createMobileUserScan, INSERT INTO iphone_query SET iphone_id='', product_id='', user_id='293', ean='3222474042554', longitude='5.052628523481961', latitude='45.03301424502924', altitude='158.3630523681641', date='2013-09-19 10:33:21', useragent='Mozilla/5.0 (iPhone; CPU iPhone OS 6_1_3 like Mac OS X) AppleWebKit/536.26 (KHTML, like Gecko) Mobile/10B329 (525823248)': 
2013/09/19 10:09:24 createMobileUserScan, INSERT INTO iphone_query SET iphone_id='', product_id='', user_id='293', ean='3222474044749', longitude='5.050363715411273', latitude='45.03338510593869', altitude='158.3630523681641', date='2013-09-19 10:33:24', useragent='Mozilla/5.0 (iPhone; CPU iPhone OS 6_1_3 like Mac OS X) AppleWebKit/536.26 (KHTML, like Gecko) Mobile/10B329 (525823248)': 
2013/09/19 10:09:32 createMobileUserScan, INSERT INTO iphone_query SET iphone_id='', product_id='', user_id='293', ean='3222473592302', longitude='5.052793700166583', latitude='45.03276213463591', altitude='110.0655212402344', date='2013-09-19 10:33:32', useragent='Mozilla/5.0 (iPhone; CPU iPhone OS 6_1_3 like Mac OS X) AppleWebKit/536.26 (KHTML, like Gecko) Mobile/10B329 (525823248)': 
2013/09/19 10:09:34 createMobileUserScan, INSERT INTO iphone_query SET iphone_id='', product_id='', user_id='293', ean='3222474044749', longitude='5.052669229690805', latitude='45.0330391594449', altitude='166.8490600585938', date='2013-09-19 10:33:34', useragent='Mozilla/5.0 (iPhone; CPU iPhone OS 6_1_3 like Mac OS X) AppleWebKit/536.26 (KHTML, like Gecko) Mobile/10B329 (525823248)': 
2013/09/19 10:09:37 createMobileUserScan, INSERT INTO iphone_query SET iphone_id='', product_id='', user_id='293', ean='3229820783222', longitude='5.052669229690805', latitude='45.0330391594449', altitude='166.8490600585938', date='2013-09-19 10:33:37', useragent='Mozilla/5.0 (iPhone; CPU iPhone OS 6_1_3 like Mac OS X) AppleWebKit/536.26 (KHTML, like Gecko) Mobile/10B329 (525823248)': 
2013/09/19 10:09:39 createMobileUserScan, INSERT INTO iphone_query SET iphone_id='', product_id='', user_id='293', ean='3229820762692', longitude='5.052669229690805', latitude='45.0330391594449', altitude='166.8490600585938', date='2013-09-19 10:33:39', useragent='Mozilla/5.0 (iPhone; CPU iPhone OS 6_1_3 like Mac OS X) AppleWebKit/536.26 (KHTML, like Gecko) Mobile/10B329 (525823248)': 
2013/09/19 10:09:41 createMobileUserScan, INSERT INTO iphone_query SET iphone_id='', product_id='', user_id='293', ean='3229820785752', longitude='5.052669229690803', latitude='45.03303915944488', altitude='166.8490600585938', date='2013-09-19 10:33:41', useragent='Mozilla/5.0 (iPhone; CPU iPhone OS 6_1_3 like Mac OS X) AppleWebKit/536.26 (KHTML, like Gecko) Mobile/10B329 (525823248)': 
2013/09/19 10:09:44 createMobileUserScan, INSERT INTO iphone_query SET iphone_id='', product_id='', user_id='293', ean='3229820787329', longitude='5.052669229690805', latitude='45.0330391594449', altitude='166.8490600585938', date='2013-09-19 10:33:44', useragent='Mozilla/5.0 (iPhone; CPU iPhone OS 6_1_3 like Mac OS X) AppleWebKit/536.26 (KHTML, like Gecko) Mobile/10B329 (525823248)': 
2013/09/19 10:09:56 createMobileUserScan, INSERT INTO iphone_query SET iphone_id='', product_id='', user_id='293', ean='3222472888000', longitude='5.052669229690805', latitude='45.0330391594449', altitude='166.8490600585938', date='2013-09-19 10:33:56', useragent='Mozilla/5.0 (iPhone; CPU iPhone OS 6_1_3 like Mac OS X) AppleWebKit/536.26 (KHTML, like Gecko) Mobile/10B329 (525823248)': 
2013/09/19 10:09:14 createMobileUserScan, INSERT INTO iphone_query SET iphone_id='', product_id='', user_id='293', ean='3229820786698', longitude='5.052751935997396', latitude='45.03295380903305', altitude='173.1050720214844', date='2013-09-19 10:34:14', useragent='Mozilla/5.0 (iPhone; CPU iPhone OS 6_1_3 like Mac OS X) AppleWebKit/536.26 (KHTML, like Gecko) Mobile/10B329 (525823248)': 
2013/09/19 10:09:34 createMobileUserScan, INSERT INTO iphone_query SET iphone_id='', product_id='', user_id='293', ean='3222475419157', longitude='5.052796326529997', latitude='45.03286628865725', altitude='181.9855041503906', date='2013-09-19 10:34:34', useragent='Mozilla/5.0 (iPhone; CPU iPhone OS 6_1_3 like Mac OS X) AppleWebKit/536.26 (KHTML, like Gecko) Mobile/10B329 (525823248)': 
2013/09/19 10:09:23 createMobileUserScan, INSERT INTO iphone_query SET iphone_id='', product_id='', user_id='293', ean='3421557910067', longitude='5.045414203259094', latitude='45.03412926049204', altitude='181.9855041503906', date='2013-09-19 10:35:23', useragent='Mozilla/5.0 (iPhone; CPU iPhone OS 6_1_3 like Mac OS X) AppleWebKit/536.26 (KHTML, like Gecko) Mobile/10B329 (525823248)': 
2013/09/19 10:09:51 createMobileUserScan, INSERT INTO iphone_query SET iphone_id='', product_id='', user_id='293', ean='3222473330416', longitude='5.051347898484916', latitude='45.03308055968111', altitude='133.3136291503906', date='2013-09-19 10:35:51', useragent='Mozilla/5.0 (iPhone; CPU iPhone OS 6_1_3 like Mac OS X) AppleWebKit/536.26 (KHTML, like Gecko) Mobile/10B329 (525823248)': 
2013/09/19 10:09:01 createMobileUserScan, INSERT INTO iphone_query SET iphone_id='', product_id='', user_id='293', ean='3222473138722', longitude='5.053069785019833', latitude='45.03334914930743', altitude='168.4126892089844', date='2013-09-19 10:36:01', useragent='Mozilla/5.0 (iPhone; CPU iPhone OS 6_1_3 like Mac OS X) AppleWebKit/536.26 (KHTML, like Gecko) Mobile/10B329 (525823248)': 
2013/09/19 10:09:15 createMobileUserScan, INSERT INTO iphone_query SET iphone_id='', product_id='', user_id='293', ean='3222473129959', longitude='5.052972358940226', latitude='45.03347119238407', altitude='175.1499786376953', date='2013-09-19 10:36:15', useragent='Mozilla/5.0 (iPhone; CPU iPhone OS 6_1_3 like Mac OS X) AppleWebKit/536.26 (KHTML, like Gecko) Mobile/10B329 (525823248)': 
2013/09/19 10:09:45 createMobileUserScan, INSERT INTO iphone_query SET iphone_id='', product_id='', user_id='293', ean='3229820764481', longitude='5.05260138035607', latitude='45.03282862354881', altitude='127.6978454589844', date='2013-09-19 10:36:45', useragent='Mozilla/5.0 (iPhone; CPU iPhone OS 6_1_3 like Mac OS X) AppleWebKit/536.26 (KHTML, like Gecko) Mobile/10B329 (525823248)': 
2013/09/19 10:09:58 createMobileUserScan, INSERT INTO iphone_query SET iphone_id='', product_id='', user_id='293', ean='3229820764450', longitude='5.052630055242139', latitude='45.03282290783631', altitude='110.4997253417969', date='2013-09-19 10:36:58', useragent='Mozilla/5.0 (iPhone; CPU iPhone OS 6_1_3 like Mac OS X) AppleWebKit/536.26 (KHTML, like Gecko) Mobile/10B329 (525823248)': 
2013/09/19 10:09:21 createMobileUserScan, INSERT INTO iphone_query SET iphone_id='', product_id='', user_id='293', ean='3421557501272', longitude='5.053012414106948', latitude='45.03322410493401', altitude='105.2729263305664', date='2013-09-19 10:37:21', useragent='Mozilla/5.0 (iPhone; CPU iPhone OS 6_1_3 like Mac OS X) AppleWebKit/536.26 (KHTML, like Gecko) Mobile/10B329 (525823248)': 
2013/09/19 10:09:52 createMobileUserScan, INSERT INTO iphone_query SET iphone_id='', product_id='', user_id='293', ean='3175681085893', longitude='5.052885422296978', latitude='45.03326447366915', altitude='107.3706893920898', date='2013-09-19 10:37:52', useragent='Mozilla/5.0 (iPhone; CPU iPhone OS 6_1_3 like Mac OS X) AppleWebKit/536.26 (KHTML, like Gecko) Mobile/10B329 (525823248)': 
2013/09/19 10:09:11 createMobileUserScan, INSERT INTO iphone_query SET iphone_id='', product_id='', user_id='293', ean='3229820782560', longitude='5.053150123739965', latitude='45.03317789328479', altitude='67.34513854980469', date='2013-09-19 10:38:11', useragent='Mozilla/5.0 (iPhone; CPU iPhone OS 6_1_3 like Mac OS X) AppleWebKit/536.26 (KHTML, like Gecko) Mobile/10B329 (525823248)': 
2013/09/19 10:09:31 createMobileUserScan, INSERT INTO iphone_query SET iphone_id='', product_id='', user_id='293', ean='3175681059559', longitude='5.052979456028826', latitude='45.03327007257248', altitude='70.14788055419922', date='2013-09-19 10:38:31', useragent='Mozilla/5.0 (iPhone; CPU iPhone OS 6_1_3 like Mac OS X) AppleWebKit/536.26 (KHTML, like Gecko) Mobile/10B329 (525823248)': 
2013/09/19 10:09:55 createMobileUserScan, INSERT INTO iphone_query SET iphone_id='', product_id='', user_id='293', ean='3222471962596', longitude='5.052854195146766', latitude='45.03325073894349', altitude='104.8059768676758', date='2013-09-19 10:38:55', useragent='Mozilla/5.0 (iPhone; CPU iPhone OS 6_1_3 like Mac OS X) AppleWebKit/536.26 (KHTML, like Gecko) Mobile/10B329 (525823248)': 
2013/09/19 10:09:12 createMobileUserScan, INSERT INTO iphone_query SET iphone_id='', product_id='', user_id='293', ean='3222475123597', longitude='5.050704945205867', latitude='45.03351091836532', altitude='104.8059768676758', date='2013-09-19 10:39:12', useragent='Mozilla/5.0 (iPhone; CPU iPhone OS 6_1_3 like Mac OS X) AppleWebKit/536.26 (KHTML, like Gecko) Mobile/10B329 (525823248)': 
2013/09/19 10:09:36 createMobileUserScan, INSERT INTO iphone_query SET iphone_id='', product_id='', user_id='293', ean='3229820181950', longitude='5.053222269908129', latitude='45.03372145543893', altitude='189.1752624511719', date='2013-09-19 10:39:36', useragent='Mozilla/5.0 (iPhone; CPU iPhone OS 6_1_3 like Mac OS X) AppleWebKit/536.26 (KHTML, like Gecko) Mobile/10B329 (525823248)': 
2013/09/19 10:09:42 createMobileUserScan, INSERT INTO iphone_query SET iphone_id='', product_id='', user_id='293', ean='3222475123597', longitude='5.053083576310345', latitude='45.03368992199659', altitude='188.3922424316406', date='2013-09-19 10:39:42', useragent='Mozilla/5.0 (iPhone; CPU iPhone OS 6_1_3 like Mac OS X) AppleWebKit/536.26 (KHTML, like Gecko) Mobile/10B329 (525823248)': 
2013/09/19 10:09:55 createMobileUserScan, INSERT INTO iphone_query SET iphone_id='', product_id='', user_id='293', ean='3229820021010', longitude='5.052882847154333', latitude='45.03344114819505', altitude='187.9285583496094', date='2013-09-19 10:39:55', useragent='Mozilla/5.0 (iPhone; CPU iPhone OS 6_1_3 like Mac OS X) AppleWebKit/536.26 (KHTML, like Gecko) Mobile/10B329 (525823248)': 
2013/09/19 10:09:44 createMobileUserScan, INSERT INTO iphone_query SET iphone_id='', product_id='', user_id='293', ean='3229820764443', longitude='5.052774804358797', latitude='45.03331911050181', altitude='184.5895843505859', date='2013-09-19 10:40:18', useragent='Mozilla/5.0 (iPhone; CPU iPhone OS 6_1_3 like Mac OS X) AppleWebKit/536.26 (KHTML, like Gecko) Mobile/10B329 (525823248)': 
2013/09/19 10:09:44 createMobileUserScan, INSERT INTO iphone_query SET iphone_id='', product_id='', user_id='293', ean='3222475123597', longitude='5.052880910953522', latitude='45.03337966091803', altitude='190.5808868408203', date='2013-09-19 10:40:02', useragent='Mozilla/5.0 (iPhone; CPU iPhone OS 6_1_3 like Mac OS X) AppleWebKit/536.26 (KHTML, like Gecko) Mobile/10B329 (525823248)': 
2013/09/19 10:09:44 createMobileUserScan, INSERT INTO iphone_query SET iphone_id='', product_id='', user_id='293', ean='3229820764412', longitude='5.052774804358797', latitude='45.03331911050181', altitude='184.5895843505859', date='2013-09-19 10:40:30', useragent='Mozilla/5.0 (iPhone; CPU iPhone OS 6_1_3 like Mac OS X) AppleWebKit/536.26 (KHTML, like Gecko) Mobile/10B329 (525823248)': 
2013/09/19 10:09:50 createMobileUserScan, INSERT INTO iphone_query SET iphone_id='', product_id='', user_id='293', ean='3222472707592', longitude='5.052477202199375', latitude='45.03335436083431', altitude='180.8245239257812', date='2013-09-19 10:40:50', useragent='Mozilla/5.0 (iPhone; CPU iPhone OS 6_1_3 like Mac OS X) AppleWebKit/536.26 (KHTML, like Gecko) Mobile/10B329 (525823248)': 
2013/09/19 10:09:09 createMobileUserScan, INSERT INTO iphone_query SET iphone_id='', product_id='', user_id='293', ean='3229820786513', longitude='5.052031530729264', latitude='45.03300122478951', altitude='0', date='2013-09-19 10:41:09', useragent='Mozilla/5.0 (iPhone; CPU iPhone OS 6_1_3 like Mac OS X) AppleWebKit/536.26 (KHTML, like Gecko) Mobile/10B329 (525823248)': 
2013/09/19 10:09:30 createMobileUserScan, INSERT INTO iphone_query SET iphone_id='', product_id='', user_id='293', ean='3229820004334', longitude='5.051937373925037', latitude='45.03301730902355', altitude='0', date='2013-09-19 10:41:30', useragent='Mozilla/5.0 (iPhone; CPU iPhone OS 6_1_3 like Mac OS X) AppleWebKit/536.26 (KHTML, like Gecko) Mobile/10B329 (525823248)': 
2013/09/19 10:09:51 createMobileUserScan, INSERT INTO iphone_query SET iphone_id='', product_id='', user_id='293', ean='3229820021003', longitude='5.041854526929307', latitude='45.03473970042673', altitude='0', date='2013-09-19 10:41:51', useragent='Mozilla/5.0 (iPhone; CPU iPhone OS 6_1_3 like Mac OS X) AppleWebKit/536.26 (KHTML, like Gecko) Mobile/10B329 (525823248)': 
2013/09/19 10:09:05 createMobileUserScan, INSERT INTO iphone_query SET iphone_id='', product_id='', user_id='293', ean='3229820021027', longitude='5.039113041077835', latitude='45.03520801177788', altitude='0', date='2013-09-19 10:42:05', useragent='Mozilla/5.0 (iPhone; CPU iPhone OS 6_1_3 like Mac OS X) AppleWebKit/536.26 (KHTML, like Gecko) Mobile/10B329 (525823248)': 
2013/09/19 10:09:19 createMobileUserScan, INSERT INTO iphone_query SET iphone_id='', product_id='', user_id='293', ean='3229820181738', longitude='5.037188552076894', latitude='45.03553675718219', altitude='0', date='2013-09-19 10:42:19', useragent='Mozilla/5.0 (iPhone; CPU iPhone OS 6_1_3 like Mac OS X) AppleWebKit/536.26 (KHTML, like Gecko) Mobile/10B329 (525823248)': 
2013/09/19 10:09:53 createMobileUserScan, INSERT INTO iphone_query SET iphone_id='', product_id='', user_id='293', ean='3261342001842', longitude='5.036214009413734', latitude='45.03570323275065', altitude='0', date='2013-09-19 10:45:53', useragent='Mozilla/5.0 (iPhone; CPU iPhone OS 6_1_3 like Mac OS X) AppleWebKit/536.26 (KHTML, like Gecko) Mobile/10B329 (475336208)': 
2013/09/19 10:09:08 createMobileUserScan, INSERT INTO iphone_query SET iphone_id='', product_id='', user_id='293', ean='3261342001828', longitude='5.036214009413734', latitude='45.03570323275065', altitude='0', date='2013-09-19 10:46:08', useragent='Mozilla/5.0 (iPhone; CPU iPhone OS 6_1_3 like Mac OS X) AppleWebKit/536.26 (KHTML, like Gecko) Mobile/10B329 (475336208)': 
2013/09/19 10:09:23 createMobileUserScan, INSERT INTO iphone_query SET iphone_id='', product_id='', user_id='293', ean='3261342000760', longitude='5.039241457299111', latitude='45.03497344793338', altitude='0', date='2013-09-19 10:46:23', useragent='Mozilla/5.0 (iPhone; CPU iPhone OS 6_1_3 like Mac OS X) AppleWebKit/536.26 (KHTML, like Gecko) Mobile/10B329 (475336208)': 
2013/09/19 10:09:39 createMobileUserScan, INSERT INTO iphone_query SET iphone_id='', product_id='1055', user_id='293', ean='3760091720160', longitude='5.038269958305679', latitude='45.03521239840295', altitude='0', date='2013-09-19 10:46:39', useragent='Mozilla/5.0 (iPhone; CPU iPhone OS 6_1_3 like Mac OS X) AppleWebKit/536.26 (KHTML, like Gecko) Mobile/10B329 (475336208)': 
2013/09/19 10:09:05 createMobileUserScan, INSERT INTO iphone_query SET iphone_id='', product_id='1055', user_id='293', ean='3760091720160', longitude='5.05260208662424', latitude='45.03207457457137', altitude='0', date='2013-09-19 10:47:05', useragent='Mozilla/5.0 (iPhone; CPU iPhone OS 6_1_3 like Mac OS X) AppleWebKit/536.26 (KHTML, like Gecko) Mobile/10B329 (475336208)': 
2013/09/19 10:09:31 createMobileUserScan, INSERT INTO iphone_query SET iphone_id='', product_id='', user_id='293', ean='3478820014908', longitude='5.052041313844669', latitude='45.03286983262146', altitude='0', date='2013-09-19 10:47:31', useragent='Mozilla/5.0 (iPhone; CPU iPhone OS 6_1_3 like Mac OS X) AppleWebKit/536.26 (KHTML, like Gecko) Mobile/10B329 (475336208)': 
2013/09/19 10:09:46 createMobileUserScan, INSERT INTO iphone_query SET iphone_id='', product_id='', user_id='293', ean='3376221211172', longitude='5.052041313844669', latitude='45.03286983262146', altitude='0', date='2013-09-19 10:47:46', useragent='Mozilla/5.0 (iPhone; CPU iPhone OS 6_1_3 like Mac OS X) AppleWebKit/536.26 (KHTML, like Gecko) Mobile/10B329 (475336208)': 
2013/09/19 10:09:00 createMobileUserScan, INSERT INTO iphone_query SET iphone_id='', product_id='', user_id='293', ean='3376221212506', longitude='5.051810610644812', latitude='45.03212339133509', altitude='45.47747421264648', date='2013-09-19 10:48:00', useragent='Mozilla/5.0 (iPhone; CPU iPhone OS 6_1_3 like Mac OS X) AppleWebKit/536.26 (KHTML, like Gecko) Mobile/10B329 (475336208)': 
2013/09/19 13:09:49 createMobileUserScan, INSERT INTO iphone_query SET iphone_id='', product_id='', user_id='6369', ean='3478820032513', longitude='3.1571674', latitude='50.4159396', altitude='', date='2013-09-19 13:20:49', useragent='Mozilla/5.0 (Linux; U; Android 4.2.2; fr-fr; GT-I9505 Build/JDQ39) AppleWebKit/534.30 (KHTML, like Gecko) Version/4.0 Mobile Safari/534.30': 
