../cache/thumbmobileuser6196
../cache/thumbmobileuser
../cache/thumbmobileuser6196.jpg
../cache/thumbmobileuser6196.jpg
Pas delete ../cache/thumbmobileuser6363.jpg
delete ../cache/thumbmobileuser6363.jpg
delete ../cache/thumbmobileuser6363.jpg
delete ../cache/thumbmobileuser6363.jpg
delete ../cache/thumbmobileuser6363.jpg
delete ../cache/thumbmobileuser6363.jpg
Pas delete ../cache/thumbmobileuser6364.jpg
Pas delete ../cache/thumbmobileuser6367.jpg
delete ../cache/thumbmobileuser6367.jpg
delete ../cache/thumbmobileuser6196.jpg
Pas delete ../cache/thumbmobileuser6196.jpg
delete ../cache/thumbmobileuser6196.jpg
Pas delete ../cache/thumbmobileuser6196.jpg
delete ../cache/thumbmobileuser6196.jpg
delete ../cache/thumbmobileuser6363.jpg
delete ../cache/thumbmobileuser6363.jpg
delete ../cache/thumbmobileuser6363.jpg
delete ../cache/thumbmobileuser6363.jpg
delete ../cache/thumbmobileuser5956.jpg
Pas delete ../cache/thumbmobileuser5978.jpg
Pas delete ../cache/thumbmobileuser5978.jpg
Pas delete ../cache/thumbmobileuser5978.jpg
Pas delete ../cache/thumbmobileuser6403.jpg
Pas delete ../cache/thumbmobileuser6414.jpg
Pas delete ../cache/thumbmobileuser6447.jpg
Pas delete ../cache/thumbmobileuser6447.jpg
Pas delete ../cache/thumbmobileuser6447.jpg
Pas delete ../cache/thumbmobileuser6447.jpg
Pas delete ../cache/thumbmobileuser6447.jpg
Pas delete ../cache/thumbmobileuser6373.jpg
delete ../cache/thumbmobileuser6447.jpg
delete ../cache/thumbmobileuser6447.jpg
Pas delete ../cache/thumbmobileuser6468.jpg
delete ../cache/thumbmobileuser6403.jpg
Pas delete ../cache/thumbmobileuser6403.jpg
Pas delete ../cache/thumbmobileuser6557.jpg
Pas delete ../cache/thumbmobileuser6135.jpg
Pas delete ../cache/thumbmobileuser6135.jpg
Pas delete ../cache/thumbmobileuser6588.jpg
Pas delete ../cache/thumbmobileuser6613.jpg
Pas delete ../cache/thumbmobileuser6613.jpg
Pas delete ../cache/thumbmobileuser6613.jpg
Pas delete ../cache/thumbmobileuser6442.jpg
Pas delete ../cache/thumbmobileuser6656.jpg
Pas delete ../cache/thumbmobileuser6780.jpg
delete ../cache/thumbmobileuser.jpg
Pas delete ../cache/thumbmobileuser.jpg
Pas delete ../cache/thumbmobileuser.jpg
Pas delete ../cache/thumbmobileuser.jpg
Pas delete ../cache/thumbmobileuser.jpg
Pas delete ../cache/thumbmobileuser.jpg
Pas delete ../cache/thumbmobileuser.jpg
Pas delete ../cache/thumbmobileuser.jpg
Pas delete ../cache/thumbmobileuser.jpg
Pas delete ../cache/thumbmobileuser.jpg
Pas delete ../cache/thumbmobileuser.jpg
Pas delete ../cache/thumbmobileuser.jpg
Pas delete ../cache/thumbmobileuser.jpg
Pas delete ../cache/thumbmobileuser.jpg
Pas delete ../cache/thumbmobileuser.jpg
Pas delete ../cache/thumbmobileuser.jpg
Pas delete ../cache/thumbmobileuser.jpg
Pas delete ../cache/thumbmobileuser.jpg
Pas delete ../cache/thumbmobileuser.jpg
Pas delete ../cache/thumbmobileuser.jpg
Pas delete ../cache/thumbmobileuser.jpg
Pas delete ../cache/thumbmobileuser.jpg
Pas delete ../cache/thumbmobileuser.jpg
Pas delete ../cache/thumbmobileuser.jpg
Pas delete ../cache/thumbmobileuser.jpg
Pas delete ../cache/thumbmobileuser.jpg
PASS 
Pas delete ../cache/thumbmobileuser.jpg
upload  vers /var/www/vhosts/ecocompare.com/httpdocs/iphone/usersImages/ 
PASS 
Pas delete ../cache/thumbmobileuser.jpg
upload  vers /var/www/vhosts/ecocompare.com/httpdocs/iphone/usersImages/ 
PASS 
Pas delete ../cache/thumbmobileuser.jpg
upload  vers /var/www/vhosts/ecocompare.com/httpdocs/iphone/usersImages/ 
PASS2 
Pas delete ../cache/thumbmobileuser.jpg
upload  vers /var/www/vhosts/ecocompare.com/httpdocs/iphone/usersImages/ 
PASS2 
Pas delete ../cache/thumbmobileuser.jpg
upload  vers /var/www/vhosts/ecocompare.com/httpdocs/iphone/usersImages/ 
PASS2 
Pas delete ../cache/thumbmobileuser.jpg
upload  vers /var/www/vhosts/ecocompare.com/httpdocs/iphone/usersImages/ 
PASS2 
Pas delete ../cache/thumbmobileuser.jpg
upload  vers /var/www/vhosts/ecocompare.com/httpdocs/iphone/usersImages/ 
PASS2 
Pas delete ../cache/thumbmobileuser.jpg
upload  vers /var/www/vhosts/ecocompare.com/httpdocs/iphone/usersImages/ 
PASS2 
Pas delete ../cache/thumbmobileuser.jpg
upload  vers /var/www/vhosts/ecocompare.com/httpdocs/iphone/usersImages/ 
PASS2 
Pas delete ../cache/thumbmobileuser.jpg
upload  vers /var/www/vhosts/ecocompare.com/httpdocs/iphone/usersImages/ 
PASS2 
Pas delete ../cache/thumbmobileuser.jpg
upload  vers /var/www/vhosts/ecocompare.com/httpdocs/iphone/usersImages/ 
PASS2 
Pas delete ../cache/thumbmobileuser.jpg
upload  vers /var/www/vhosts/ecocompare.com/httpdocs/iphone/usersImages/ 
PASS2 
Pas delete ../cache/thumbmobileuser.jpg
upload  vers /var/www/vhosts/ecocompare.com/httpdocs/iphone/usersImages/ 
PASS2 
Pas delete ../cache/thumbmobileuser.jpg
upload  vers /var/www/vhosts/ecocompare.com/httpdocs/iphone/usersImages/ 
PASS2 
Pas delete ../cache/thumbmobileuser.jpg
upload  vers /var/www/vhosts/ecocompare.com/httpdocs/iphone/usersImages/ 
PASS2 
Pas delete ../cache/thumbmobileuser.jpg
upload  vers /var/www/vhosts/ecocompare.com/httpdocs/iphone/usersImages/ 
PASS2 
Pas delete ../cache/thumbmobileuser.jpg
upload  vers /var/www/vhosts/ecocompare.com/httpdocs/iphone/usersImages/ 
PASS2 
Pas delete ../cache/thumbmobileuser.jpg
upload  vers /var/www/vhosts/ecocompare.com/httpdocs/iphone/usersImages/ 
PASS2 
Pas delete ../cache/thumbmobileuser.jpg
upload  vers /var/www/vhosts/ecocompare.com/httpdocs/iphone/usersImages/ 
PASS2 
Pas delete ../cache/thumbmobileuser.jpg
upload  vers /var/www/vhosts/ecocompare.com/httpdocs/iphone/usersImages/ 
PASS2 
Pas delete ../cache/thumbmobileuser.jpg
upload  vers /var/www/vhosts/ecocompare.com/httpdocs/iphone/usersImages/ 
PASS2 
Pas delete ../cache/thumbmobileuser.jpg
upload  vers /var/www/vhosts/ecocompare.com/httpdocs/iphone/usersImages/ 
PASS2 
Pas delete ../cache/thumbmobileuser.jpg
upload  vers /var/www/vhosts/ecocompare.com/httpdocs/iphone/usersImages/ 
PASS2 
Pas delete ../cache/thumbmobileuser.jpg
upload  vers /var/www/vhosts/ecocompare.com/httpdocs/iphone/usersImages/ 
PASS2 
Pas delete ../cache/thumbmobileuser.jpg
upload  vers /var/www/vhosts/ecocompare.com/httpdocs/iphone/usersImages/ 
PASS2 
Pas delete ../cache/thumbmobileuser.jpg
upload  vers /var/www/vhosts/ecocompare.com/httpdocs/iphone/usersImages/ 
PASS2 
Pas delete ../cache/thumbmobileuser.jpg
upload  vers /var/www/vhosts/ecocompare.com/httpdocs/iphone/usersImages/ 
PASS2 
Pas delete ../cache/thumbmobileuser.jpg
upload  vers /var/www/vhosts/ecocompare.com/httpdocs/iphone/usersImages/ 
PASS2 
Pas delete ../cache/thumbmobileuser.jpg
upload  vers /var/www/vhosts/ecocompare.com/httpdocs/iphone/usersImages/ 
PASS2 
Pas delete ../cache/thumbmobileuser.jpg
upload  vers /var/www/vhosts/ecocompare.com/httpdocs/iphone/usersImages/ 
PASS2 
Pas delete ../cache/thumbmobileuser.jpg
upload  vers /var/www/vhosts/ecocompare.com/httpdocs/iphone/usersImages/ 
PASS2 
Pas delete ../cache/thumbmobileuser.jpg
upload  vers /var/www/vhosts/ecocompare.com/httpdocs/iphone/usersImages/ 
PASS2 
Pas delete ../cache/thumbmobileuser.jpg
upload  vers /var/www/vhosts/ecocompare.com/httpdocs/iphone/usersImages/ 
PASS2 
Pas delete ../cache/thumbmobileuser.jpg
upload  vers /var/www/vhosts/ecocompare.com/httpdocs/iphone 
PASS2 
Pas delete ../cache/thumbmobileuser.jpg
upload  vers /var/www/vhosts/ecocompare.com/httpdocs/iphone 
PASS2 
Pas delete ../cache/thumbmobileuser.jpg
upload  vers /var/www/vhosts/ecocompare.com/httpdocs/iphone 
PASS2 
Pas delete ../cache/thumbmobileuser.jpg
upload  vers /var/www/vhosts/ecocompare.com/httpdocs/iphone 
PASS2 
Pas delete ../cache/thumbmobileuser.jpg
upload  vers /var/www/vhosts/ecocompare.com/httpdocs/iphone 
PASS2 
Pas delete ../cache/thumbmobileuser.jpg
upload  vers /var/www/vhosts/ecocompare.com/httpdocs/iphone 
PASS2 
Pas delete ../cache/thumbmobileuser.jpg
upload  vers /var/www/vhosts/ecocompare.com/httpdocs/iphone 
PASS2 
Pas delete ../cache/thumbmobileuser.jpg
upload  vers /var/www/vhosts/ecocompare.com/httpdocs/iphone 
PASS2 
Pas delete ../cache/thumbmobileuser.jpg
upload  vers /var/www/vhosts/ecocompare.com/httpdocs/iphone 
PASS2 
Pas delete ../cache/thumbmobileuser.jpg
upload  vers /usersImages/ 
PASS2 
Pas delete ../cache/thumbmobileuser.jpg
upload  vers /usersImages/ 
PASS2 
Pas delete ../cache/thumbmobileuser.jpg
upload  vers ../../tmp_upload/usersImages/ 
PASS2 
Pas delete ../cache/thumbmobileuser.jpg
upload  vers ../../tmp_upload/usersImages/ 
PASS2 
Pas delete ../cache/thumbmobileuser.jpg
upload  vers ../../tmp_upload/usersImages/ 
PASS2 
Pas delete ../cache/thumbmobileuser.jpg
upload  vers ../../tmp_upload/usersImages/ 
